2024-12-13 16:03:05,702 - PyQt5.uic.uiparser - DEBUG - uiparser.py:864 - uiname is Dialog
2024-12-13 16:03:05,702 - PyQt5.uic.uiparser - DEBUG - uiparser.py:824 - toplevel widget is QDialog
2024-12-13 16:03:05,702 - PyQt5.uic.properties - DEBUG - properties.py:400 - setting property geometry
2024-12-13 16:03:05,702 - PyQt5.uic.properties - DEBUG - properties.py:400 - setting property windowTitle
2024-12-13 16:03:05,703 - PyQt5.uic.uiparser - DEBUG - uiparser.py:108 - push QDialog Dialog
2024-12-13 16:03:05,703 - PyQt5.uic.properties - DEBUG - properties.py:400 - setting property geometry
2024-12-13 16:03:05,703 - PyQt5.uic.properties - DEBUG - properties.py:400 - setting property currentIndex
2024-12-13 16:03:05,703 - PyQt5.uic.uiparser - DEBUG - uiparser.py:108 - push QTabWidget tabWidget
2024-12-13 16:03:05,703 - PyQt5.uic.uiparser - DEBUG - uiparser.py:108 - push QWidget tab_2
2024-12-13 16:03:05,703 - PyQt5.uic.properties - DEBUG - properties.py:400 - setting property geometry
2024-12-13 16:03:05,703 - PyQt5.uic.properties - DEBUG - properties.py:400 - setting property font
2024-12-13 16:03:05,704 - PyQt5.uic.properties - DEBUG - properties.py:400 - setting property text
2024-12-13 16:03:05,704 - PyQt5.uic.uiparser - DEBUG - uiparser.py:108 - push QLabel label
2024-12-13 16:03:05,704 - PyQt5.uic.uiparser - DEBUG - uiparser.py:122 - pop widget QLabel label
2024-12-13 16:03:05,704 - PyQt5.uic.uiparser - DEBUG - uiparser.py:130 - new topwidget self.tab_2
2024-12-13 16:03:05,704 - PyQt5.uic.properties - DEBUG - properties.py:400 - setting property geometry
2024-12-13 16:03:05,704 - PyQt5.uic.properties - DEBUG - properties.py:400 - setting property font
2024-12-13 16:03:05,704 - PyQt5.uic.properties - DEBUG - properties.py:400 - setting property text
2024-12-13 16:03:05,704 - PyQt5.uic.uiparser - DEBUG - uiparser.py:108 - push QLabel label_2
2024-12-13 16:03:05,704 - PyQt5.uic.uiparser - DEBUG - uiparser.py:122 - pop widget QLabel label_2
2024-12-13 16:03:05,704 - PyQt5.uic.uiparser - DEBUG - uiparser.py:130 - new topwidget self.tab_2
2024-12-13 16:03:05,704 - PyQt5.uic.properties - DEBUG - properties.py:400 - setting property geometry
2024-12-13 16:03:05,704 - PyQt5.uic.properties - DEBUG - properties.py:400 - setting property title
2024-12-13 16:03:05,705 - PyQt5.uic.uiparser - DEBUG - uiparser.py:108 - push QGroupBox userGroupBox1
2024-12-13 16:03:05,705 - PyQt5.uic.properties - DEBUG - properties.py:400 - setting property geometry
2024-12-13 16:03:05,705 - PyQt5.uic.properties - DEBUG - properties.py:400 - setting property font
2024-12-13 16:03:05,705 - PyQt5.uic.properties - DEBUG - properties.py:400 - setting property text
2024-12-13 16:03:05,705 - PyQt5.uic.uiparser - DEBUG - uiparser.py:108 - push QLabel userNameLabel1
2024-12-13 16:03:05,705 - PyQt5.uic.uiparser - DEBUG - uiparser.py:122 - pop widget QLabel userNameLabel1
2024-12-13 16:03:05,705 - PyQt5.uic.uiparser - DEBUG - uiparser.py:130 - new topwidget self.userGroupBox1
2024-12-13 16:03:05,705 - PyQt5.uic.properties - DEBUG - properties.py:400 - setting property geometry
2024-12-13 16:03:05,705 - PyQt5.uic.properties - DEBUG - properties.py:400 - setting property font
2024-12-13 16:03:05,705 - PyQt5.uic.properties - DEBUG - properties.py:400 - setting property text
2024-12-13 16:03:05,705 - PyQt5.uic.uiparser - DEBUG - uiparser.py:108 - push QLabel userCart1
2024-12-13 16:03:05,705 - PyQt5.uic.uiparser - DEBUG - uiparser.py:122 - pop widget QLabel userCart1
2024-12-13 16:03:05,705 - PyQt5.uic.uiparser - DEBUG - uiparser.py:130 - new topwidget self.userGroupBox1
2024-12-13 16:03:05,705 - PyQt5.uic.uiparser - DEBUG - uiparser.py:122 - pop widget QGroupBox userGroupBox1
2024-12-13 16:03:05,705 - PyQt5.uic.uiparser - DEBUG - uiparser.py:130 - new topwidget self.tab_2
2024-12-13 16:03:05,706 - PyQt5.uic.properties - DEBUG - properties.py:400 - setting property geometry
2024-12-13 16:03:05,706 - PyQt5.uic.properties - DEBUG - properties.py:400 - setting property title
2024-12-13 16:03:05,706 - PyQt5.uic.uiparser - DEBUG - uiparser.py:108 - push QGroupBox userGroupBox1_2
2024-12-13 16:03:05,706 - PyQt5.uic.properties - DEBUG - properties.py:400 - setting property geometry
2024-12-13 16:03:05,706 - PyQt5.uic.properties - DEBUG - properties.py:400 - setting property font
2024-12-13 16:03:05,706 - PyQt5.uic.properties - DEBUG - properties.py:400 - setting property text
2024-12-13 16:03:05,706 - PyQt5.uic.uiparser - DEBUG - uiparser.py:108 - push QLabel userNameLabel1_2
2024-12-13 16:03:05,706 - PyQt5.uic.uiparser - DEBUG - uiparser.py:122 - pop widget QLabel userNameLabel1_2
2024-12-13 16:03:05,706 - PyQt5.uic.uiparser - DEBUG - uiparser.py:130 - new topwidget self.userGroupBox1_2
2024-12-13 16:03:05,706 - PyQt5.uic.properties - DEBUG - properties.py:400 - setting property geometry
2024-12-13 16:03:05,706 - PyQt5.uic.properties - DEBUG - properties.py:400 - setting property font
2024-12-13 16:03:05,706 - PyQt5.uic.properties - DEBUG - properties.py:400 - setting property text
2024-12-13 16:03:05,707 - PyQt5.uic.uiparser - DEBUG - uiparser.py:108 - push QLabel userCart1_2
2024-12-13 16:03:05,707 - PyQt5.uic.uiparser - DEBUG - uiparser.py:122 - pop widget QLabel userCart1_2
2024-12-13 16:03:05,707 - PyQt5.uic.uiparser - DEBUG - uiparser.py:130 - new topwidget self.userGroupBox1_2
2024-12-13 16:03:05,707 - PyQt5.uic.uiparser - DEBUG - uiparser.py:122 - pop widget QGroupBox userGroupBox1_2
2024-12-13 16:03:05,707 - PyQt5.uic.uiparser - DEBUG - uiparser.py:130 - new topwidget self.tab_2
2024-12-13 16:03:05,707 - PyQt5.uic.properties - DEBUG - properties.py:400 - setting property geometry
2024-12-13 16:03:05,707 - PyQt5.uic.properties - DEBUG - properties.py:400 - setting property title
2024-12-13 16:03:05,707 - PyQt5.uic.uiparser - DEBUG - uiparser.py:108 - push QGroupBox userGroupBox1_3
2024-12-13 16:03:05,707 - PyQt5.uic.properties - DEBUG - properties.py:400 - setting property geometry
2024-12-13 16:03:05,707 - PyQt5.uic.properties - DEBUG - properties.py:400 - setting property font
2024-12-13 16:03:05,707 - PyQt5.uic.properties - DEBUG - properties.py:400 - setting property text
2024-12-13 16:03:05,707 - PyQt5.uic.uiparser - DEBUG - uiparser.py:108 - push QLabel userNameLabel1_3
2024-12-13 16:03:05,707 - PyQt5.uic.uiparser - DEBUG - uiparser.py:122 - pop widget QLabel userNameLabel1_3
2024-12-13 16:03:05,708 - PyQt5.uic.uiparser - DEBUG - uiparser.py:130 - new topwidget self.userGroupBox1_3
2024-12-13 16:03:05,708 - PyQt5.uic.properties - DEBUG - properties.py:400 - setting property geometry
2024-12-13 16:03:05,708 - PyQt5.uic.properties - DEBUG - properties.py:400 - setting property font
2024-12-13 16:03:05,708 - PyQt5.uic.properties - DEBUG - properties.py:400 - setting property text
2024-12-13 16:03:05,708 - PyQt5.uic.uiparser - DEBUG - uiparser.py:108 - push QLabel userCart1_3
2024-12-13 16:03:05,708 - PyQt5.uic.uiparser - DEBUG - uiparser.py:122 - pop widget QLabel userCart1_3
2024-12-13 16:03:05,708 - PyQt5.uic.uiparser - DEBUG - uiparser.py:130 - new topwidget self.userGroupBox1_3
2024-12-13 16:03:05,708 - PyQt5.uic.uiparser - DEBUG - uiparser.py:122 - pop widget QGroupBox userGroupBox1_3
2024-12-13 16:03:05,708 - PyQt5.uic.uiparser - DEBUG - uiparser.py:130 - new topwidget self.tab_2
2024-12-13 16:03:05,708 - PyQt5.uic.properties - DEBUG - properties.py:400 - setting property geometry
2024-12-13 16:03:05,708 - PyQt5.uic.properties - DEBUG - properties.py:400 - setting property title
2024-12-13 16:03:05,708 - PyQt5.uic.uiparser - DEBUG - uiparser.py:108 - push QGroupBox userGroupBox1_4
2024-12-13 16:03:05,708 - PyQt5.uic.properties - DEBUG - properties.py:400 - setting property geometry
2024-12-13 16:03:05,708 - PyQt5.uic.properties - DEBUG - properties.py:400 - setting property font
2024-12-13 16:03:05,709 - PyQt5.uic.properties - DEBUG - properties.py:400 - setting property text
2024-12-13 16:03:05,709 - PyQt5.uic.uiparser - DEBUG - uiparser.py:108 - push QLabel userNameLabel1_4
2024-12-13 16:03:05,709 - PyQt5.uic.uiparser - DEBUG - uiparser.py:122 - pop widget QLabel userNameLabel1_4
2024-12-13 16:03:05,709 - PyQt5.uic.uiparser - DEBUG - uiparser.py:130 - new topwidget self.userGroupBox1_4
2024-12-13 16:03:05,709 - PyQt5.uic.properties - DEBUG - properties.py:400 - setting property geometry
2024-12-13 16:03:05,709 - PyQt5.uic.properties - DEBUG - properties.py:400 - setting property font
2024-12-13 16:03:05,709 - PyQt5.uic.properties - DEBUG - properties.py:400 - setting property text
2024-12-13 16:03:05,709 - PyQt5.uic.uiparser - DEBUG - uiparser.py:108 - push QLabel userCart1_4
2024-12-13 16:03:05,709 - PyQt5.uic.uiparser - DEBUG - uiparser.py:122 - pop widget QLabel userCart1_4
2024-12-13 16:03:05,709 - PyQt5.uic.uiparser - DEBUG - uiparser.py:130 - new topwidget self.userGroupBox1_4
2024-12-13 16:03:05,709 - PyQt5.uic.uiparser - DEBUG - uiparser.py:122 - pop widget QGroupBox userGroupBox1_4
2024-12-13 16:03:05,709 - PyQt5.uic.uiparser - DEBUG - uiparser.py:130 - new topwidget self.tab_2
2024-12-13 16:03:05,709 - PyQt5.uic.properties - DEBUG - properties.py:400 - setting property geometry
2024-12-13 16:03:05,709 - PyQt5.uic.properties - DEBUG - properties.py:400 - setting property font
2024-12-13 16:03:05,709 - PyQt5.uic.properties - DEBUG - properties.py:400 - setting property text
2024-12-13 16:03:05,710 - PyQt5.uic.uiparser - DEBUG - uiparser.py:108 - push QLabel label_3
2024-12-13 16:03:05,710 - PyQt5.uic.uiparser - DEBUG - uiparser.py:122 - pop widget QLabel label_3
2024-12-13 16:03:05,710 - PyQt5.uic.uiparser - DEBUG - uiparser.py:130 - new topwidget self.tab_2
2024-12-13 16:03:05,710 - PyQt5.uic.properties - DEBUG - properties.py:400 - setting property geometry
2024-12-13 16:03:05,710 - PyQt5.uic.properties - DEBUG - properties.py:400 - setting property font
2024-12-13 16:03:05,710 - PyQt5.uic.properties - DEBUG - properties.py:400 - setting property text
2024-12-13 16:03:05,710 - PyQt5.uic.uiparser - DEBUG - uiparser.py:108 - push QLabel sellingsum
2024-12-13 16:03:05,710 - PyQt5.uic.uiparser - DEBUG - uiparser.py:122 - pop widget QLabel sellingsum
2024-12-13 16:03:05,710 - PyQt5.uic.uiparser - DEBUG - uiparser.py:130 - new topwidget self.tab_2
2024-12-13 16:03:05,710 - PyQt5.uic.properties - DEBUG - properties.py:400 - setting property geometry
2024-12-13 16:03:05,710 - PyQt5.uic.uiparser - DEBUG - uiparser.py:108 - push QTableWidget tableWidget
2024-12-13 16:03:05,711 - PyQt5.uic.uiparser - DEBUG - uiparser.py:122 - pop widget QTableWidget tableWidget
2024-12-13 16:03:05,711 - PyQt5.uic.uiparser - DEBUG - uiparser.py:130 - new topwidget self.tab_2
2024-12-13 16:03:05,711 - PyQt5.uic.properties - DEBUG - properties.py:400 - setting property geometry
2024-12-13 16:03:05,711 - PyQt5.uic.properties - DEBUG - properties.py:400 - setting property text
2024-12-13 16:03:05,711 - PyQt5.uic.uiparser - DEBUG - uiparser.py:108 - push QLabel CCTV_1
2024-12-13 16:03:05,711 - PyQt5.uic.uiparser - DEBUG - uiparser.py:122 - pop widget QLabel CCTV_1
2024-12-13 16:03:05,711 - PyQt5.uic.uiparser - DEBUG - uiparser.py:130 - new topwidget self.tab_2
2024-12-13 16:03:05,711 - PyQt5.uic.uiparser - DEBUG - uiparser.py:122 - pop widget QWidget tab_2
2024-12-13 16:03:05,711 - PyQt5.uic.uiparser - DEBUG - uiparser.py:130 - new topwidget self.tabWidget
2024-12-13 16:03:05,711 - PyQt5.uic.uiparser - DEBUG - uiparser.py:108 - push QWidget tab
2024-12-13 16:03:05,711 - PyQt5.uic.properties - DEBUG - properties.py:400 - setting property geometry
2024-12-13 16:03:05,711 - PyQt5.uic.properties - DEBUG - properties.py:400 - setting property currentIndex
2024-12-13 16:03:05,711 - PyQt5.uic.uiparser - DEBUG - uiparser.py:108 - push QTabWidget tabWidget_2
2024-12-13 16:03:05,712 - PyQt5.uic.uiparser - DEBUG - uiparser.py:108 - push QWidget tab_3
2024-12-13 16:03:05,712 - PyQt5.uic.properties - DEBUG - properties.py:400 - setting property geometry
2024-12-13 16:03:05,712 - PyQt5.uic.uiparser - DEBUG - uiparser.py:108 - push QTableWidget selling_table
2024-12-13 16:03:05,713 - PyQt5.uic.uiparser - DEBUG - uiparser.py:122 - pop widget QTableWidget selling_table
2024-12-13 16:03:05,713 - PyQt5.uic.uiparser - DEBUG - uiparser.py:130 - new topwidget self.tab_3
2024-12-13 16:03:05,713 - PyQt5.uic.properties - DEBUG - properties.py:400 - setting property geometry
2024-12-13 16:03:05,713 - PyQt5.uic.properties - DEBUG - properties.py:400 - setting property title
2024-12-13 16:03:05,713 - PyQt5.uic.uiparser - DEBUG - uiparser.py:108 - push QGroupBox groupBox
2024-12-13 16:03:05,714 - PyQt5.uic.properties - DEBUG - properties.py:400 - setting property geometry
2024-12-13 16:03:05,714 - PyQt5.uic.properties - DEBUG - properties.py:400 - setting property font
2024-12-13 16:03:05,714 - PyQt5.uic.properties - DEBUG - properties.py:400 - setting property text
2024-12-13 16:03:05,714 - PyQt5.uic.uiparser - DEBUG - uiparser.py:108 - push QLabel label_6
2024-12-13 16:03:05,714 - PyQt5.uic.uiparser - DEBUG - uiparser.py:122 - pop widget QLabel label_6
2024-12-13 16:03:05,714 - PyQt5.uic.uiparser - DEBUG - uiparser.py:130 - new topwidget self.groupBox
2024-12-13 16:03:05,714 - PyQt5.uic.properties - DEBUG - properties.py:400 - setting property geometry
2024-12-13 16:03:05,714 - PyQt5.uic.properties - DEBUG - properties.py:400 - setting property font
2024-12-13 16:03:05,714 - PyQt5.uic.properties - DEBUG - properties.py:400 - setting property text
2024-12-13 16:03:05,714 - PyQt5.uic.properties - DEBUG - properties.py:400 - setting property scaledContents
2024-12-13 16:03:05,714 - PyQt5.uic.properties - DEBUG - properties.py:400 - setting property alignment
2024-12-13 16:03:05,715 - PyQt5.uic.uiparser - DEBUG - uiparser.py:108 - push QLabel sellingsum2
2024-12-13 16:03:05,715 - PyQt5.uic.uiparser - DEBUG - uiparser.py:122 - pop widget QLabel sellingsum2
2024-12-13 16:03:05,715 - PyQt5.uic.uiparser - DEBUG - uiparser.py:130 - new topwidget self.groupBox
2024-12-13 16:03:05,715 - PyQt5.uic.uiparser - DEBUG - uiparser.py:122 - pop widget QGroupBox groupBox
2024-12-13 16:03:05,715 - PyQt5.uic.uiparser - DEBUG - uiparser.py:130 - new topwidget self.tab_3
2024-12-13 16:03:05,715 - PyQt5.uic.properties - DEBUG - properties.py:400 - setting property geometry
2024-12-13 16:03:05,715 - PyQt5.uic.properties - DEBUG - properties.py:400 - setting property title
2024-12-13 16:03:05,715 - PyQt5.uic.uiparser - DEBUG - uiparser.py:108 - push QGroupBox groupBox_2
2024-12-13 16:03:05,715 - PyQt5.uic.properties - DEBUG - properties.py:400 - setting property geometry
2024-12-13 16:03:05,715 - PyQt5.uic.properties - DEBUG - properties.py:400 - setting property font
2024-12-13 16:03:05,716 - PyQt5.uic.properties - DEBUG - properties.py:400 - setting property text
2024-12-13 16:03:05,716 - PyQt5.uic.uiparser - DEBUG - uiparser.py:108 - push QLabel label_8
2024-12-13 16:03:05,716 - PyQt5.uic.uiparser - DEBUG - uiparser.py:122 - pop widget QLabel label_8
2024-12-13 16:03:05,716 - PyQt5.uic.uiparser - DEBUG - uiparser.py:130 - new topwidget self.groupBox_2
2024-12-13 16:03:05,716 - PyQt5.uic.properties - DEBUG - properties.py:400 - setting property geometry
2024-12-13 16:03:05,716 - PyQt5.uic.properties - DEBUG - properties.py:400 - setting property font
2024-12-13 16:03:05,716 - PyQt5.uic.properties - DEBUG - properties.py:400 - setting property text
2024-12-13 16:03:05,716 - PyQt5.uic.properties - DEBUG - properties.py:400 - setting property scaledContents
2024-12-13 16:03:05,716 - PyQt5.uic.properties - DEBUG - properties.py:400 - setting property alignment
2024-12-13 16:03:05,716 - PyQt5.uic.uiparser - DEBUG - uiparser.py:108 - push QLabel label_9
2024-12-13 16:03:05,716 - PyQt5.uic.uiparser - DEBUG - uiparser.py:122 - pop widget QLabel label_9
2024-12-13 16:03:05,716 - PyQt5.uic.uiparser - DEBUG - uiparser.py:130 - new topwidget self.groupBox_2
2024-12-13 16:03:05,717 - PyQt5.uic.uiparser - DEBUG - uiparser.py:122 - pop widget QGroupBox groupBox_2
2024-12-13 16:03:05,717 - PyQt5.uic.uiparser - DEBUG - uiparser.py:130 - new topwidget self.tab_3
2024-12-13 16:03:05,717 - PyQt5.uic.properties - DEBUG - properties.py:400 - setting property geometry
2024-12-13 16:03:05,717 - PyQt5.uic.properties - DEBUG - properties.py:400 - setting property title
2024-12-13 16:03:05,717 - PyQt5.uic.uiparser - DEBUG - uiparser.py:108 - push QGroupBox groupBox_3
2024-12-13 16:03:05,717 - PyQt5.uic.properties - DEBUG - properties.py:400 - setting property geometry
2024-12-13 16:03:05,717 - PyQt5.uic.properties - DEBUG - properties.py:400 - setting property font
2024-12-13 16:03:05,717 - PyQt5.uic.properties - DEBUG - properties.py:400 - setting property text
2024-12-13 16:03:05,717 - PyQt5.uic.uiparser - DEBUG - uiparser.py:108 - push QLabel label_12
2024-12-13 16:03:05,718 - PyQt5.uic.uiparser - DEBUG - uiparser.py:122 - pop widget QLabel label_12
2024-12-13 16:03:05,718 - PyQt5.uic.uiparser - DEBUG - uiparser.py:130 - new topwidget self.groupBox_3
2024-12-13 16:03:05,718 - PyQt5.uic.properties - DEBUG - properties.py:400 - setting property geometry
2024-12-13 16:03:05,718 - PyQt5.uic.properties - DEBUG - properties.py:400 - setting property font
2024-12-13 16:03:05,718 - PyQt5.uic.properties - DEBUG - properties.py:400 - setting property text
2024-12-13 16:03:05,718 - PyQt5.uic.properties - DEBUG - properties.py:400 - setting property scaledContents
2024-12-13 16:03:05,718 - PyQt5.uic.properties - DEBUG - properties.py:400 - setting property alignment
2024-12-13 16:03:05,718 - PyQt5.uic.uiparser - DEBUG - uiparser.py:108 - push QLabel label_13
2024-12-13 16:03:05,718 - PyQt5.uic.uiparser - DEBUG - uiparser.py:122 - pop widget QLabel label_13
2024-12-13 16:03:05,718 - PyQt5.uic.uiparser - DEBUG - uiparser.py:130 - new topwidget self.groupBox_3
2024-12-13 16:03:05,718 - PyQt5.uic.uiparser - DEBUG - uiparser.py:122 - pop widget QGroupBox groupBox_3
2024-12-13 16:03:05,718 - PyQt5.uic.uiparser - DEBUG - uiparser.py:130 - new topwidget self.tab_3
2024-12-13 16:03:05,718 - PyQt5.uic.properties - DEBUG - properties.py:400 - setting property geometry
2024-12-13 16:03:05,718 - PyQt5.uic.properties - DEBUG - properties.py:400 - setting property title
2024-12-13 16:03:05,719 - PyQt5.uic.uiparser - DEBUG - uiparser.py:108 - push QGroupBox groupBox_4
2024-12-13 16:03:05,719 - PyQt5.uic.properties - DEBUG - properties.py:400 - setting property geometry
2024-12-13 16:03:05,719 - PyQt5.uic.properties - DEBUG - properties.py:400 - setting property font
2024-12-13 16:03:05,719 - PyQt5.uic.properties - DEBUG - properties.py:400 - setting property text
2024-12-13 16:03:05,719 - PyQt5.uic.uiparser - DEBUG - uiparser.py:108 - push QLabel label_16
2024-12-13 16:03:05,719 - PyQt5.uic.uiparser - DEBUG - uiparser.py:122 - pop widget QLabel label_16
2024-12-13 16:03:05,719 - PyQt5.uic.uiparser - DEBUG - uiparser.py:130 - new topwidget self.groupBox_4
2024-12-13 16:03:05,719 - PyQt5.uic.properties - DEBUG - properties.py:400 - setting property geometry
2024-12-13 16:03:05,719 - PyQt5.uic.properties - DEBUG - properties.py:400 - setting property font
2024-12-13 16:03:05,719 - PyQt5.uic.properties - DEBUG - properties.py:400 - setting property text
2024-12-13 16:03:05,719 - PyQt5.uic.properties - DEBUG - properties.py:400 - setting property scaledContents
2024-12-13 16:03:05,719 - PyQt5.uic.properties - DEBUG - properties.py:400 - setting property alignment
2024-12-13 16:03:05,720 - PyQt5.uic.uiparser - DEBUG - uiparser.py:108 - push QLabel label_17
2024-12-13 16:03:05,720 - PyQt5.uic.uiparser - DEBUG - uiparser.py:122 - pop widget QLabel label_17
2024-12-13 16:03:05,720 - PyQt5.uic.uiparser - DEBUG - uiparser.py:130 - new topwidget self.groupBox_4
2024-12-13 16:03:05,720 - PyQt5.uic.uiparser - DEBUG - uiparser.py:122 - pop widget QGroupBox groupBox_4
2024-12-13 16:03:05,720 - PyQt5.uic.uiparser - DEBUG - uiparser.py:130 - new topwidget self.tab_3
2024-12-13 16:03:05,720 - PyQt5.uic.uiparser - DEBUG - uiparser.py:122 - pop widget QWidget tab_3
2024-12-13 16:03:05,720 - PyQt5.uic.uiparser - DEBUG - uiparser.py:130 - new topwidget self.tabWidget_2
2024-12-13 16:03:05,720 - PyQt5.uic.uiparser - DEBUG - uiparser.py:108 - push QWidget tab_4
2024-12-13 16:03:05,720 - PyQt5.uic.properties - DEBUG - properties.py:400 - setting property geometry
2024-12-13 16:03:05,720 - PyQt5.uic.uiparser - DEBUG - uiparser.py:108 - push QTableWidget visit_table
2024-12-13 16:03:05,720 - PyQt5.uic.uiparser - DEBUG - uiparser.py:122 - pop widget QTableWidget visit_table
2024-12-13 16:03:05,721 - PyQt5.uic.uiparser - DEBUG - uiparser.py:130 - new topwidget self.tab_4
2024-12-13 16:03:05,721 - PyQt5.uic.uiparser - DEBUG - uiparser.py:122 - pop widget QWidget tab_4
2024-12-13 16:03:05,721 - PyQt5.uic.uiparser - DEBUG - uiparser.py:130 - new topwidget self.tabWidget_2
2024-12-13 16:03:05,721 - PyQt5.uic.uiparser - DEBUG - uiparser.py:122 - pop widget QTabWidget tabWidget_2
2024-12-13 16:03:05,721 - PyQt5.uic.uiparser - DEBUG - uiparser.py:130 - new topwidget self.tab
2024-12-13 16:03:05,721 - PyQt5.uic.properties - DEBUG - properties.py:400 - setting property geometry
2024-12-13 16:03:05,721 - PyQt5.uic.properties - DEBUG - properties.py:400 - setting property font
2024-12-13 16:03:05,721 - PyQt5.uic.properties - DEBUG - properties.py:400 - setting property text
2024-12-13 16:03:05,721 - PyQt5.uic.uiparser - DEBUG - uiparser.py:108 - push QLabel label_5
2024-12-13 16:03:05,721 - PyQt5.uic.uiparser - DEBUG - uiparser.py:122 - pop widget QLabel label_5
2024-12-13 16:03:05,721 - PyQt5.uic.uiparser - DEBUG - uiparser.py:130 - new topwidget self.tab
2024-12-13 16:03:05,721 - PyQt5.uic.properties - DEBUG - properties.py:400 - setting property geometry
2024-12-13 16:03:05,721 - PyQt5.uic.properties - DEBUG - properties.py:400 - setting property displayFormat
2024-12-13 16:03:05,722 - PyQt5.uic.properties - DEBUG - properties.py:400 - setting property calendarPopup
2024-12-13 16:03:05,722 - PyQt5.uic.properties - DEBUG - properties.py:400 - setting property date
2024-12-13 16:03:05,722 - PyQt5.uic.uiparser - DEBUG - uiparser.py:108 - push QDateEdit dateEdit
2024-12-13 16:03:05,722 - PyQt5.uic.uiparser - DEBUG - uiparser.py:122 - pop widget QDateEdit dateEdit
2024-12-13 16:03:05,722 - PyQt5.uic.uiparser - DEBUG - uiparser.py:130 - new topwidget self.tab
2024-12-13 16:03:05,722 - PyQt5.uic.uiparser - DEBUG - uiparser.py:122 - pop widget QWidget tab
2024-12-13 16:03:05,722 - PyQt5.uic.uiparser - DEBUG - uiparser.py:130 - new topwidget self.tabWidget
2024-12-13 16:03:05,722 - PyQt5.uic.uiparser - DEBUG - uiparser.py:108 - push QWidget tab_5
2024-12-13 16:03:05,722 - PyQt5.uic.properties - DEBUG - properties.py:400 - setting property geometry
2024-12-13 16:03:05,722 - PyQt5.uic.uiparser - DEBUG - uiparser.py:108 - push QTableWidget event_table
2024-12-13 16:03:05,723 - PyQt5.uic.uiparser - DEBUG - uiparser.py:122 - pop widget QTableWidget event_table
2024-12-13 16:03:05,723 - PyQt5.uic.uiparser - DEBUG - uiparser.py:130 - new topwidget self.tab_5
2024-12-13 16:03:05,723 - PyQt5.uic.uiparser - DEBUG - uiparser.py:122 - pop widget QWidget tab_5
2024-12-13 16:03:05,723 - PyQt5.uic.uiparser - DEBUG - uiparser.py:130 - new topwidget self.tabWidget
2024-12-13 16:03:05,723 - PyQt5.uic.uiparser - DEBUG - uiparser.py:108 - push QWidget tab_6
2024-12-13 16:03:05,723 - PyQt5.uic.properties - DEBUG - properties.py:400 - setting property geometry
2024-12-13 16:03:05,723 - PyQt5.uic.properties - DEBUG - properties.py:400 - setting property text
2024-12-13 16:03:05,723 - PyQt5.uic.uiparser - DEBUG - uiparser.py:108 - push QLabel CCTV_2
2024-12-13 16:03:05,723 - PyQt5.uic.uiparser - DEBUG - uiparser.py:122 - pop widget QLabel CCTV_2
2024-12-13 16:03:05,723 - PyQt5.uic.uiparser - DEBUG - uiparser.py:130 - new topwidget self.tab_6
2024-12-13 16:03:05,724 - PyQt5.uic.uiparser - DEBUG - uiparser.py:122 - pop widget QWidget tab_6
2024-12-13 16:03:05,724 - PyQt5.uic.uiparser - DEBUG - uiparser.py:130 - new topwidget self.tabWidget
2024-12-13 16:03:05,724 - PyQt5.uic.uiparser - DEBUG - uiparser.py:122 - pop widget QTabWidget tabWidget
2024-12-13 16:03:05,724 - PyQt5.uic.uiparser - DEBUG - uiparser.py:130 - new topwidget Dialog
2024-12-13 16:03:05,724 - PyQt5.uic.uiparser - DEBUG - uiparser.py:122 - pop widget QDialog Dialog
2024-12-13 16:03:05,724 - PyQt5.uic.uiparser - DEBUG - uiparser.py:130 - new topwidget None
2024-12-13 16:03:06,972 - deep_sort_realtime.embedder.embedder_pytorch - INFO - embedder_pytorch.py:69 - MobileNetV2 Embedder for Deep Sort initialised
2024-12-13 16:03:06,972 - deep_sort_realtime.embedder.embedder_pytorch - INFO - embedder_pytorch.py:70 - - gpu enabled: True
2024-12-13 16:03:06,972 - deep_sort_realtime.embedder.embedder_pytorch - INFO - embedder_pytorch.py:71 - - half precision: True
2024-12-13 16:03:06,972 - deep_sort_realtime.embedder.embedder_pytorch - INFO - embedder_pytorch.py:72 - - max batch size: 16
2024-12-13 16:03:06,972 - deep_sort_realtime.embedder.embedder_pytorch - INFO - embedder_pytorch.py:73 - - expects BGR: True
2024-12-13 16:03:07,262 - deep_sort_realtime.deepsort_tracker - INFO - deepsort_tracker.py:142 - DeepSort Tracker initialised
2024-12-13 16:03:07,263 - deep_sort_realtime.deepsort_tracker - INFO - deepsort_tracker.py:143 - - max age: 5
2024-12-13 16:03:07,263 - deep_sort_realtime.deepsort_tracker - INFO - deepsort_tracker.py:144 - - appearance threshold: 0.2
2024-12-13 16:03:07,263 - deep_sort_realtime.deepsort_tracker - INFO - deepsort_tracker.py:145 - - nms threshold: OFF
2024-12-13 16:03:07,263 - deep_sort_realtime.deepsort_tracker - INFO - deepsort_tracker.py:148 - - max num of appearance features: None
2024-12-13 16:03:07,263 - deep_sort_realtime.deepsort_tracker - INFO - deepsort_tracker.py:149 - - overriding track class : No
2024-12-13 16:03:07,263 - deep_sort_realtime.deepsort_tracker - INFO - deepsort_tracker.py:152 - - today given : No
2024-12-13 16:03:07,263 - deep_sort_realtime.deepsort_tracker - INFO - deepsort_tracker.py:153 - - in-build embedder : Yes
2024-12-13 16:03:07,263 - deep_sort_realtime.deepsort_tracker - INFO - deepsort_tracker.py:154 - - polygon detections : No
2024-12-13 16:04:17,245 - PyQt5.uic.uiparser - DEBUG - uiparser.py:864 - uiname is Dialog
2024-12-13 16:04:17,245 - PyQt5.uic.uiparser - DEBUG - uiparser.py:824 - toplevel widget is QDialog
2024-12-13 16:04:17,245 - PyQt5.uic.properties - DEBUG - properties.py:400 - setting property geometry
2024-12-13 16:04:17,245 - PyQt5.uic.properties - DEBUG - properties.py:400 - setting property windowTitle
2024-12-13 16:04:17,245 - PyQt5.uic.uiparser - DEBUG - uiparser.py:108 - push QDialog Dialog
2024-12-13 16:04:17,245 - PyQt5.uic.properties - DEBUG - properties.py:400 - setting property geometry
2024-12-13 16:04:17,246 - PyQt5.uic.properties - DEBUG - properties.py:400 - setting property currentIndex
2024-12-13 16:04:17,246 - PyQt5.uic.uiparser - DEBUG - uiparser.py:108 - push QTabWidget tabWidget
2024-12-13 16:04:17,246 - PyQt5.uic.uiparser - DEBUG - uiparser.py:108 - push QWidget tab_2
2024-12-13 16:04:17,246 - PyQt5.uic.properties - DEBUG - properties.py:400 - setting property geometry
2024-12-13 16:04:17,246 - PyQt5.uic.properties - DEBUG - properties.py:400 - setting property font
2024-12-13 16:04:17,246 - PyQt5.uic.properties - DEBUG - properties.py:400 - setting property text
2024-12-13 16:04:17,246 - PyQt5.uic.uiparser - DEBUG - uiparser.py:108 - push QLabel label
2024-12-13 16:04:17,246 - PyQt5.uic.uiparser - DEBUG - uiparser.py:122 - pop widget QLabel label
2024-12-13 16:04:17,246 - PyQt5.uic.uiparser - DEBUG - uiparser.py:130 - new topwidget self.tab_2
2024-12-13 16:04:17,246 - PyQt5.uic.properties - DEBUG - properties.py:400 - setting property geometry
2024-12-13 16:04:17,247 - PyQt5.uic.properties - DEBUG - properties.py:400 - setting property font
2024-12-13 16:04:17,247 - PyQt5.uic.properties - DEBUG - properties.py:400 - setting property text
2024-12-13 16:04:17,247 - PyQt5.uic.uiparser - DEBUG - uiparser.py:108 - push QLabel label_2
2024-12-13 16:04:17,247 - PyQt5.uic.uiparser - DEBUG - uiparser.py:122 - pop widget QLabel label_2
2024-12-13 16:04:17,247 - PyQt5.uic.uiparser - DEBUG - uiparser.py:130 - new topwidget self.tab_2
2024-12-13 16:04:17,247 - PyQt5.uic.properties - DEBUG - properties.py:400 - setting property geometry
2024-12-13 16:04:17,247 - PyQt5.uic.properties - DEBUG - properties.py:400 - setting property title
2024-12-13 16:04:17,247 - PyQt5.uic.uiparser - DEBUG - uiparser.py:108 - push QGroupBox userGroupBox1
2024-12-13 16:04:17,247 - PyQt5.uic.properties - DEBUG - properties.py:400 - setting property geometry
2024-12-13 16:04:17,247 - PyQt5.uic.properties - DEBUG - properties.py:400 - setting property font
2024-12-13 16:04:17,247 - PyQt5.uic.properties - DEBUG - properties.py:400 - setting property text
2024-12-13 16:04:17,248 - PyQt5.uic.uiparser - DEBUG - uiparser.py:108 - push QLabel userNameLabel1
2024-12-13 16:04:17,248 - PyQt5.uic.uiparser - DEBUG - uiparser.py:122 - pop widget QLabel userNameLabel1
2024-12-13 16:04:17,248 - PyQt5.uic.uiparser - DEBUG - uiparser.py:130 - new topwidget self.userGroupBox1
2024-12-13 16:04:17,248 - PyQt5.uic.properties - DEBUG - properties.py:400 - setting property geometry
2024-12-13 16:04:17,248 - PyQt5.uic.properties - DEBUG - properties.py:400 - setting property font
2024-12-13 16:04:17,248 - PyQt5.uic.properties - DEBUG - properties.py:400 - setting property text
2024-12-13 16:04:17,248 - PyQt5.uic.uiparser - DEBUG - uiparser.py:108 - push QLabel userCart1
2024-12-13 16:04:17,248 - PyQt5.uic.uiparser - DEBUG - uiparser.py:122 - pop widget QLabel userCart1
2024-12-13 16:04:17,248 - PyQt5.uic.uiparser - DEBUG - uiparser.py:130 - new topwidget self.userGroupBox1
2024-12-13 16:04:17,248 - PyQt5.uic.uiparser - DEBUG - uiparser.py:122 - pop widget QGroupBox userGroupBox1
2024-12-13 16:04:17,248 - PyQt5.uic.uiparser - DEBUG - uiparser.py:130 - new topwidget self.tab_2
2024-12-13 16:04:17,248 - PyQt5.uic.properties - DEBUG - properties.py:400 - setting property geometry
2024-12-13 16:04:17,248 - PyQt5.uic.properties - DEBUG - properties.py:400 - setting property title
2024-12-13 16:04:17,248 - PyQt5.uic.uiparser - DEBUG - uiparser.py:108 - push QGroupBox userGroupBox1_2
2024-12-13 16:04:17,248 - PyQt5.uic.properties - DEBUG - properties.py:400 - setting property geometry
2024-12-13 16:04:17,249 - PyQt5.uic.properties - DEBUG - properties.py:400 - setting property font
2024-12-13 16:04:17,249 - PyQt5.uic.properties - DEBUG - properties.py:400 - setting property text
2024-12-13 16:04:17,249 - PyQt5.uic.uiparser - DEBUG - uiparser.py:108 - push QLabel userNameLabel1_2
2024-12-13 16:04:17,249 - PyQt5.uic.uiparser - DEBUG - uiparser.py:122 - pop widget QLabel userNameLabel1_2
2024-12-13 16:04:17,249 - PyQt5.uic.uiparser - DEBUG - uiparser.py:130 - new topwidget self.userGroupBox1_2
2024-12-13 16:04:17,249 - PyQt5.uic.properties - DEBUG - properties.py:400 - setting property geometry
2024-12-13 16:04:17,249 - PyQt5.uic.properties - DEBUG - properties.py:400 - setting property font
2024-12-13 16:04:17,249 - PyQt5.uic.properties - DEBUG - properties.py:400 - setting property text
2024-12-13 16:04:17,249 - PyQt5.uic.uiparser - DEBUG - uiparser.py:108 - push QLabel userCart1_2
2024-12-13 16:04:17,249 - PyQt5.uic.uiparser - DEBUG - uiparser.py:122 - pop widget QLabel userCart1_2
2024-12-13 16:04:17,249 - PyQt5.uic.uiparser - DEBUG - uiparser.py:130 - new topwidget self.userGroupBox1_2
2024-12-13 16:04:17,249 - PyQt5.uic.uiparser - DEBUG - uiparser.py:122 - pop widget QGroupBox userGroupBox1_2
2024-12-13 16:04:17,249 - PyQt5.uic.uiparser - DEBUG - uiparser.py:130 - new topwidget self.tab_2
2024-12-13 16:04:17,249 - PyQt5.uic.properties - DEBUG - properties.py:400 - setting property geometry
2024-12-13 16:04:17,250 - PyQt5.uic.properties - DEBUG - properties.py:400 - setting property title
2024-12-13 16:04:17,250 - PyQt5.uic.uiparser - DEBUG - uiparser.py:108 - push QGroupBox userGroupBox1_3
2024-12-13 16:04:17,250 - PyQt5.uic.properties - DEBUG - properties.py:400 - setting property geometry
2024-12-13 16:04:17,250 - PyQt5.uic.properties - DEBUG - properties.py:400 - setting property font
2024-12-13 16:04:17,250 - PyQt5.uic.properties - DEBUG - properties.py:400 - setting property text
2024-12-13 16:04:17,250 - PyQt5.uic.uiparser - DEBUG - uiparser.py:108 - push QLabel userNameLabel1_3
2024-12-13 16:04:17,250 - PyQt5.uic.uiparser - DEBUG - uiparser.py:122 - pop widget QLabel userNameLabel1_3
2024-12-13 16:04:17,250 - PyQt5.uic.uiparser - DEBUG - uiparser.py:130 - new topwidget self.userGroupBox1_3
2024-12-13 16:04:17,250 - PyQt5.uic.properties - DEBUG - properties.py:400 - setting property geometry
2024-12-13 16:04:17,250 - PyQt5.uic.properties - DEBUG - properties.py:400 - setting property font
2024-12-13 16:04:17,250 - PyQt5.uic.properties - DEBUG - properties.py:400 - setting property text
2024-12-13 16:04:17,250 - PyQt5.uic.uiparser - DEBUG - uiparser.py:108 - push QLabel userCart1_3
2024-12-13 16:04:17,250 - PyQt5.uic.uiparser - DEBUG - uiparser.py:122 - pop widget QLabel userCart1_3
2024-12-13 16:04:17,251 - PyQt5.uic.uiparser - DEBUG - uiparser.py:130 - new topwidget self.userGroupBox1_3
2024-12-13 16:04:17,251 - PyQt5.uic.uiparser - DEBUG - uiparser.py:122 - pop widget QGroupBox userGroupBox1_3
2024-12-13 16:04:17,251 - PyQt5.uic.uiparser - DEBUG - uiparser.py:130 - new topwidget self.tab_2
2024-12-13 16:04:17,251 - PyQt5.uic.properties - DEBUG - properties.py:400 - setting property geometry
2024-12-13 16:04:17,251 - PyQt5.uic.properties - DEBUG - properties.py:400 - setting property title
2024-12-13 16:04:17,251 - PyQt5.uic.uiparser - DEBUG - uiparser.py:108 - push QGroupBox userGroupBox1_4
2024-12-13 16:04:17,251 - PyQt5.uic.properties - DEBUG - properties.py:400 - setting property geometry
2024-12-13 16:04:17,251 - PyQt5.uic.properties - DEBUG - properties.py:400 - setting property font
2024-12-13 16:04:17,251 - PyQt5.uic.properties - DEBUG - properties.py:400 - setting property text
2024-12-13 16:04:17,251 - PyQt5.uic.uiparser - DEBUG - uiparser.py:108 - push QLabel userNameLabel1_4
2024-12-13 16:04:17,251 - PyQt5.uic.uiparser - DEBUG - uiparser.py:122 - pop widget QLabel userNameLabel1_4
2024-12-13 16:04:17,251 - PyQt5.uic.uiparser - DEBUG - uiparser.py:130 - new topwidget self.userGroupBox1_4
2024-12-13 16:04:17,251 - PyQt5.uic.properties - DEBUG - properties.py:400 - setting property geometry
2024-12-13 16:04:17,251 - PyQt5.uic.properties - DEBUG - properties.py:400 - setting property font
2024-12-13 16:04:17,252 - PyQt5.uic.properties - DEBUG - properties.py:400 - setting property text
2024-12-13 16:04:17,252 - PyQt5.uic.uiparser - DEBUG - uiparser.py:108 - push QLabel userCart1_4
2024-12-13 16:04:17,252 - PyQt5.uic.uiparser - DEBUG - uiparser.py:122 - pop widget QLabel userCart1_4
2024-12-13 16:04:17,252 - PyQt5.uic.uiparser - DEBUG - uiparser.py:130 - new topwidget self.userGroupBox1_4
2024-12-13 16:04:17,252 - PyQt5.uic.uiparser - DEBUG - uiparser.py:122 - pop widget QGroupBox userGroupBox1_4
2024-12-13 16:04:17,252 - PyQt5.uic.uiparser - DEBUG - uiparser.py:130 - new topwidget self.tab_2
2024-12-13 16:04:17,252 - PyQt5.uic.properties - DEBUG - properties.py:400 - setting property geometry
2024-12-13 16:04:17,252 - PyQt5.uic.properties - DEBUG - properties.py:400 - setting property font
2024-12-13 16:04:17,252 - PyQt5.uic.properties - DEBUG - properties.py:400 - setting property text
2024-12-13 16:04:17,252 - PyQt5.uic.uiparser - DEBUG - uiparser.py:108 - push QLabel label_3
2024-12-13 16:04:17,252 - PyQt5.uic.uiparser - DEBUG - uiparser.py:122 - pop widget QLabel label_3
2024-12-13 16:04:17,252 - PyQt5.uic.uiparser - DEBUG - uiparser.py:130 - new topwidget self.tab_2
2024-12-13 16:04:17,252 - PyQt5.uic.properties - DEBUG - properties.py:400 - setting property geometry
2024-12-13 16:04:17,252 - PyQt5.uic.properties - DEBUG - properties.py:400 - setting property font
2024-12-13 16:04:17,252 - PyQt5.uic.properties - DEBUG - properties.py:400 - setting property text
2024-12-13 16:04:17,253 - PyQt5.uic.uiparser - DEBUG - uiparser.py:108 - push QLabel sellingsum
2024-12-13 16:04:17,253 - PyQt5.uic.uiparser - DEBUG - uiparser.py:122 - pop widget QLabel sellingsum
2024-12-13 16:04:17,253 - PyQt5.uic.uiparser - DEBUG - uiparser.py:130 - new topwidget self.tab_2
2024-12-13 16:04:17,253 - PyQt5.uic.properties - DEBUG - properties.py:400 - setting property geometry
2024-12-13 16:04:17,253 - PyQt5.uic.uiparser - DEBUG - uiparser.py:108 - push QTableWidget tableWidget
2024-12-13 16:04:17,253 - PyQt5.uic.uiparser - DEBUG - uiparser.py:122 - pop widget QTableWidget tableWidget
2024-12-13 16:04:17,253 - PyQt5.uic.uiparser - DEBUG - uiparser.py:130 - new topwidget self.tab_2
2024-12-13 16:04:17,253 - PyQt5.uic.properties - DEBUG - properties.py:400 - setting property geometry
2024-12-13 16:04:17,253 - PyQt5.uic.properties - DEBUG - properties.py:400 - setting property text
2024-12-13 16:04:17,254 - PyQt5.uic.uiparser - DEBUG - uiparser.py:108 - push QLabel CCTV_1
2024-12-13 16:04:17,254 - PyQt5.uic.uiparser - DEBUG - uiparser.py:122 - pop widget QLabel CCTV_1
2024-12-13 16:04:17,254 - PyQt5.uic.uiparser - DEBUG - uiparser.py:130 - new topwidget self.tab_2
2024-12-13 16:04:17,254 - PyQt5.uic.uiparser - DEBUG - uiparser.py:122 - pop widget QWidget tab_2
2024-12-13 16:04:17,254 - PyQt5.uic.uiparser - DEBUG - uiparser.py:130 - new topwidget self.tabWidget
2024-12-13 16:04:17,254 - PyQt5.uic.uiparser - DEBUG - uiparser.py:108 - push QWidget tab
2024-12-13 16:04:17,254 - PyQt5.uic.properties - DEBUG - properties.py:400 - setting property geometry
2024-12-13 16:04:17,254 - PyQt5.uic.properties - DEBUG - properties.py:400 - setting property currentIndex
2024-12-13 16:04:17,254 - PyQt5.uic.uiparser - DEBUG - uiparser.py:108 - push QTabWidget tabWidget_2
2024-12-13 16:04:17,254 - PyQt5.uic.uiparser - DEBUG - uiparser.py:108 - push QWidget tab_3
2024-12-13 16:04:17,254 - PyQt5.uic.properties - DEBUG - properties.py:400 - setting property geometry
2024-12-13 16:04:17,254 - PyQt5.uic.uiparser - DEBUG - uiparser.py:108 - push QTableWidget selling_table
2024-12-13 16:04:17,255 - PyQt5.uic.uiparser - DEBUG - uiparser.py:122 - pop widget QTableWidget selling_table
2024-12-13 16:04:17,255 - PyQt5.uic.uiparser - DEBUG - uiparser.py:130 - new topwidget self.tab_3
2024-12-13 16:04:17,255 - PyQt5.uic.properties - DEBUG - properties.py:400 - setting property geometry
2024-12-13 16:04:17,255 - PyQt5.uic.properties - DEBUG - properties.py:400 - setting property title
2024-12-13 16:04:17,255 - PyQt5.uic.uiparser - DEBUG - uiparser.py:108 - push QGroupBox groupBox
2024-12-13 16:04:17,255 - PyQt5.uic.properties - DEBUG - properties.py:400 - setting property geometry
2024-12-13 16:04:17,255 - PyQt5.uic.properties - DEBUG - properties.py:400 - setting property font
2024-12-13 16:04:17,255 - PyQt5.uic.properties - DEBUG - properties.py:400 - setting property text
2024-12-13 16:04:17,256 - PyQt5.uic.uiparser - DEBUG - uiparser.py:108 - push QLabel label_6
2024-12-13 16:04:17,256 - PyQt5.uic.uiparser - DEBUG - uiparser.py:122 - pop widget QLabel label_6
2024-12-13 16:04:17,256 - PyQt5.uic.uiparser - DEBUG - uiparser.py:130 - new topwidget self.groupBox
2024-12-13 16:04:17,256 - PyQt5.uic.properties - DEBUG - properties.py:400 - setting property geometry
2024-12-13 16:04:17,256 - PyQt5.uic.properties - DEBUG - properties.py:400 - setting property font
2024-12-13 16:04:17,256 - PyQt5.uic.properties - DEBUG - properties.py:400 - setting property text
2024-12-13 16:04:17,256 - PyQt5.uic.properties - DEBUG - properties.py:400 - setting property scaledContents
2024-12-13 16:04:17,256 - PyQt5.uic.properties - DEBUG - properties.py:400 - setting property alignment
2024-12-13 16:04:17,256 - PyQt5.uic.uiparser - DEBUG - uiparser.py:108 - push QLabel sellingsum2
2024-12-13 16:04:17,256 - PyQt5.uic.uiparser - DEBUG - uiparser.py:122 - pop widget QLabel sellingsum2
2024-12-13 16:04:17,256 - PyQt5.uic.uiparser - DEBUG - uiparser.py:130 - new topwidget self.groupBox
2024-12-13 16:04:17,256 - PyQt5.uic.uiparser - DEBUG - uiparser.py:122 - pop widget QGroupBox groupBox
2024-12-13 16:04:17,256 - PyQt5.uic.uiparser - DEBUG - uiparser.py:130 - new topwidget self.tab_3
2024-12-13 16:04:17,257 - PyQt5.uic.properties - DEBUG - properties.py:400 - setting property geometry
2024-12-13 16:04:17,257 - PyQt5.uic.properties - DEBUG - properties.py:400 - setting property title
2024-12-13 16:04:17,257 - PyQt5.uic.uiparser - DEBUG - uiparser.py:108 - push QGroupBox groupBox_2
2024-12-13 16:04:17,257 - PyQt5.uic.properties - DEBUG - properties.py:400 - setting property geometry
2024-12-13 16:04:17,257 - PyQt5.uic.properties - DEBUG - properties.py:400 - setting property font
2024-12-13 16:04:17,257 - PyQt5.uic.properties - DEBUG - properties.py:400 - setting property text
2024-12-13 16:04:17,257 - PyQt5.uic.uiparser - DEBUG - uiparser.py:108 - push QLabel label_8
2024-12-13 16:04:17,257 - PyQt5.uic.uiparser - DEBUG - uiparser.py:122 - pop widget QLabel label_8
2024-12-13 16:04:17,257 - PyQt5.uic.uiparser - DEBUG - uiparser.py:130 - new topwidget self.groupBox_2
2024-12-13 16:04:17,257 - PyQt5.uic.properties - DEBUG - properties.py:400 - setting property geometry
2024-12-13 16:04:17,257 - PyQt5.uic.properties - DEBUG - properties.py:400 - setting property font
2024-12-13 16:04:17,258 - PyQt5.uic.properties - DEBUG - properties.py:400 - setting property text
2024-12-13 16:04:17,258 - PyQt5.uic.properties - DEBUG - properties.py:400 - setting property scaledContents
2024-12-13 16:04:17,258 - PyQt5.uic.properties - DEBUG - properties.py:400 - setting property alignment
2024-12-13 16:04:17,258 - PyQt5.uic.uiparser - DEBUG - uiparser.py:108 - push QLabel label_9
2024-12-13 16:04:17,258 - PyQt5.uic.uiparser - DEBUG - uiparser.py:122 - pop widget QLabel label_9
2024-12-13 16:04:17,258 - PyQt5.uic.uiparser - DEBUG - uiparser.py:130 - new topwidget self.groupBox_2
2024-12-13 16:04:17,258 - PyQt5.uic.uiparser - DEBUG - uiparser.py:122 - pop widget QGroupBox groupBox_2
2024-12-13 16:04:17,258 - PyQt5.uic.uiparser - DEBUG - uiparser.py:130 - new topwidget self.tab_3
2024-12-13 16:04:17,258 - PyQt5.uic.properties - DEBUG - properties.py:400 - setting property geometry
2024-12-13 16:04:17,258 - PyQt5.uic.properties - DEBUG - properties.py:400 - setting property title
2024-12-13 16:04:17,258 - PyQt5.uic.uiparser - DEBUG - uiparser.py:108 - push QGroupBox groupBox_3
2024-12-13 16:04:17,258 - PyQt5.uic.properties - DEBUG - properties.py:400 - setting property geometry
2024-12-13 16:04:17,258 - PyQt5.uic.properties - DEBUG - properties.py:400 - setting property font
2024-12-13 16:04:17,259 - PyQt5.uic.properties - DEBUG - properties.py:400 - setting property text
2024-12-13 16:04:17,259 - PyQt5.uic.uiparser - DEBUG - uiparser.py:108 - push QLabel label_12
2024-12-13 16:04:17,259 - PyQt5.uic.uiparser - DEBUG - uiparser.py:122 - pop widget QLabel label_12
2024-12-13 16:04:17,259 - PyQt5.uic.uiparser - DEBUG - uiparser.py:130 - new topwidget self.groupBox_3
2024-12-13 16:04:17,259 - PyQt5.uic.properties - DEBUG - properties.py:400 - setting property geometry
2024-12-13 16:04:17,259 - PyQt5.uic.properties - DEBUG - properties.py:400 - setting property font
2024-12-13 16:04:17,259 - PyQt5.uic.properties - DEBUG - properties.py:400 - setting property text
2024-12-13 16:04:17,259 - PyQt5.uic.properties - DEBUG - properties.py:400 - setting property scaledContents
2024-12-13 16:04:17,259 - PyQt5.uic.properties - DEBUG - properties.py:400 - setting property alignment
2024-12-13 16:04:17,259 - PyQt5.uic.uiparser - DEBUG - uiparser.py:108 - push QLabel label_13
2024-12-13 16:04:17,259 - PyQt5.uic.uiparser - DEBUG - uiparser.py:122 - pop widget QLabel label_13
2024-12-13 16:04:17,259 - PyQt5.uic.uiparser - DEBUG - uiparser.py:130 - new topwidget self.groupBox_3
2024-12-13 16:04:17,259 - PyQt5.uic.uiparser - DEBUG - uiparser.py:122 - pop widget QGroupBox groupBox_3
2024-12-13 16:04:17,259 - PyQt5.uic.uiparser - DEBUG - uiparser.py:130 - new topwidget self.tab_3
2024-12-13 16:04:17,259 - PyQt5.uic.properties - DEBUG - properties.py:400 - setting property geometry
2024-12-13 16:04:17,260 - PyQt5.uic.properties - DEBUG - properties.py:400 - setting property title
2024-12-13 16:04:17,260 - PyQt5.uic.uiparser - DEBUG - uiparser.py:108 - push QGroupBox groupBox_4
2024-12-13 16:04:17,260 - PyQt5.uic.properties - DEBUG - properties.py:400 - setting property geometry
2024-12-13 16:04:17,260 - PyQt5.uic.properties - DEBUG - properties.py:400 - setting property font
2024-12-13 16:04:17,260 - PyQt5.uic.properties - DEBUG - properties.py:400 - setting property text
2024-12-13 16:04:17,260 - PyQt5.uic.uiparser - DEBUG - uiparser.py:108 - push QLabel label_16
2024-12-13 16:04:17,260 - PyQt5.uic.uiparser - DEBUG - uiparser.py:122 - pop widget QLabel label_16
2024-12-13 16:04:17,260 - PyQt5.uic.uiparser - DEBUG - uiparser.py:130 - new topwidget self.groupBox_4
2024-12-13 16:04:17,260 - PyQt5.uic.properties - DEBUG - properties.py:400 - setting property geometry
2024-12-13 16:04:17,261 - PyQt5.uic.properties - DEBUG - properties.py:400 - setting property font
2024-12-13 16:04:17,261 - PyQt5.uic.properties - DEBUG - properties.py:400 - setting property text
2024-12-13 16:04:17,261 - PyQt5.uic.properties - DEBUG - properties.py:400 - setting property scaledContents
2024-12-13 16:04:17,261 - PyQt5.uic.properties - DEBUG - properties.py:400 - setting property alignment
2024-12-13 16:04:17,261 - PyQt5.uic.uiparser - DEBUG - uiparser.py:108 - push QLabel label_17
2024-12-13 16:04:17,261 - PyQt5.uic.uiparser - DEBUG - uiparser.py:122 - pop widget QLabel label_17
2024-12-13 16:04:17,261 - PyQt5.uic.uiparser - DEBUG - uiparser.py:130 - new topwidget self.groupBox_4
2024-12-13 16:04:17,261 - PyQt5.uic.uiparser - DEBUG - uiparser.py:122 - pop widget QGroupBox groupBox_4
2024-12-13 16:04:17,261 - PyQt5.uic.uiparser - DEBUG - uiparser.py:130 - new topwidget self.tab_3
2024-12-13 16:04:17,261 - PyQt5.uic.uiparser - DEBUG - uiparser.py:122 - pop widget QWidget tab_3
2024-12-13 16:04:17,261 - PyQt5.uic.uiparser - DEBUG - uiparser.py:130 - new topwidget self.tabWidget_2
2024-12-13 16:04:17,262 - PyQt5.uic.uiparser - DEBUG - uiparser.py:108 - push QWidget tab_4
2024-12-13 16:04:17,262 - PyQt5.uic.properties - DEBUG - properties.py:400 - setting property geometry
2024-12-13 16:04:17,262 - PyQt5.uic.uiparser - DEBUG - uiparser.py:108 - push QTableWidget visit_table
2024-12-13 16:04:17,262 - PyQt5.uic.uiparser - DEBUG - uiparser.py:122 - pop widget QTableWidget visit_table
2024-12-13 16:04:17,262 - PyQt5.uic.uiparser - DEBUG - uiparser.py:130 - new topwidget self.tab_4
2024-12-13 16:04:17,262 - PyQt5.uic.uiparser - DEBUG - uiparser.py:122 - pop widget QWidget tab_4
2024-12-13 16:04:17,262 - PyQt5.uic.uiparser - DEBUG - uiparser.py:130 - new topwidget self.tabWidget_2
2024-12-13 16:04:17,263 - PyQt5.uic.uiparser - DEBUG - uiparser.py:122 - pop widget QTabWidget tabWidget_2
2024-12-13 16:04:17,263 - PyQt5.uic.uiparser - DEBUG - uiparser.py:130 - new topwidget self.tab
2024-12-13 16:04:17,263 - PyQt5.uic.properties - DEBUG - properties.py:400 - setting property geometry
2024-12-13 16:04:17,263 - PyQt5.uic.properties - DEBUG - properties.py:400 - setting property font
2024-12-13 16:04:17,263 - PyQt5.uic.properties - DEBUG - properties.py:400 - setting property text
2024-12-13 16:04:17,263 - PyQt5.uic.uiparser - DEBUG - uiparser.py:108 - push QLabel label_5
2024-12-13 16:04:17,263 - PyQt5.uic.uiparser - DEBUG - uiparser.py:122 - pop widget QLabel label_5
2024-12-13 16:04:17,263 - PyQt5.uic.uiparser - DEBUG - uiparser.py:130 - new topwidget self.tab
2024-12-13 16:04:17,263 - PyQt5.uic.properties - DEBUG - properties.py:400 - setting property geometry
2024-12-13 16:04:17,263 - PyQt5.uic.properties - DEBUG - properties.py:400 - setting property displayFormat
2024-12-13 16:04:17,263 - PyQt5.uic.properties - DEBUG - properties.py:400 - setting property calendarPopup
2024-12-13 16:04:17,264 - PyQt5.uic.properties - DEBUG - properties.py:400 - setting property date
2024-12-13 16:04:17,264 - PyQt5.uic.uiparser - DEBUG - uiparser.py:108 - push QDateEdit dateEdit
2024-12-13 16:04:17,264 - PyQt5.uic.uiparser - DEBUG - uiparser.py:122 - pop widget QDateEdit dateEdit
2024-12-13 16:04:17,264 - PyQt5.uic.uiparser - DEBUG - uiparser.py:130 - new topwidget self.tab
2024-12-13 16:04:17,264 - PyQt5.uic.uiparser - DEBUG - uiparser.py:122 - pop widget QWidget tab
2024-12-13 16:04:17,264 - PyQt5.uic.uiparser - DEBUG - uiparser.py:130 - new topwidget self.tabWidget
2024-12-13 16:04:17,264 - PyQt5.uic.uiparser - DEBUG - uiparser.py:108 - push QWidget tab_5
2024-12-13 16:04:17,264 - PyQt5.uic.properties - DEBUG - properties.py:400 - setting property geometry
2024-12-13 16:04:17,264 - PyQt5.uic.uiparser - DEBUG - uiparser.py:108 - push QTableWidget event_table
2024-12-13 16:04:17,265 - PyQt5.uic.uiparser - DEBUG - uiparser.py:122 - pop widget QTableWidget event_table
2024-12-13 16:04:17,265 - PyQt5.uic.uiparser - DEBUG - uiparser.py:130 - new topwidget self.tab_5
2024-12-13 16:04:17,265 - PyQt5.uic.uiparser - DEBUG - uiparser.py:122 - pop widget QWidget tab_5
2024-12-13 16:04:17,265 - PyQt5.uic.uiparser - DEBUG - uiparser.py:130 - new topwidget self.tabWidget
2024-12-13 16:04:17,265 - PyQt5.uic.uiparser - DEBUG - uiparser.py:108 - push QWidget tab_6
2024-12-13 16:04:17,265 - PyQt5.uic.properties - DEBUG - properties.py:400 - setting property geometry
2024-12-13 16:04:17,266 - PyQt5.uic.properties - DEBUG - properties.py:400 - setting property text
2024-12-13 16:04:17,266 - PyQt5.uic.uiparser - DEBUG - uiparser.py:108 - push QLabel CCTV_2
2024-12-13 16:04:17,266 - PyQt5.uic.uiparser - DEBUG - uiparser.py:122 - pop widget QLabel CCTV_2
2024-12-13 16:04:17,266 - PyQt5.uic.uiparser - DEBUG - uiparser.py:130 - new topwidget self.tab_6
2024-12-13 16:04:17,266 - PyQt5.uic.uiparser - DEBUG - uiparser.py:122 - pop widget QWidget tab_6
2024-12-13 16:04:17,266 - PyQt5.uic.uiparser - DEBUG - uiparser.py:130 - new topwidget self.tabWidget
2024-12-13 16:04:17,266 - PyQt5.uic.uiparser - DEBUG - uiparser.py:122 - pop widget QTabWidget tabWidget
2024-12-13 16:04:17,266 - PyQt5.uic.uiparser - DEBUG - uiparser.py:130 - new topwidget Dialog
2024-12-13 16:04:17,266 - PyQt5.uic.uiparser - DEBUG - uiparser.py:122 - pop widget QDialog Dialog
2024-12-13 16:04:17,266 - PyQt5.uic.uiparser - DEBUG - uiparser.py:130 - new topwidget None
2024-12-13 16:04:18,498 - deep_sort_realtime.embedder.embedder_pytorch - INFO - embedder_pytorch.py:69 - MobileNetV2 Embedder for Deep Sort initialised
2024-12-13 16:04:18,498 - deep_sort_realtime.embedder.embedder_pytorch - INFO - embedder_pytorch.py:70 - - gpu enabled: True
2024-12-13 16:04:18,498 - deep_sort_realtime.embedder.embedder_pytorch - INFO - embedder_pytorch.py:71 - - half precision: True
2024-12-13 16:04:18,498 - deep_sort_realtime.embedder.embedder_pytorch - INFO - embedder_pytorch.py:72 - - max batch size: 16
2024-12-13 16:04:18,498 - deep_sort_realtime.embedder.embedder_pytorch - INFO - embedder_pytorch.py:73 - - expects BGR: True
2024-12-13 16:04:18,783 - deep_sort_realtime.deepsort_tracker - INFO - deepsort_tracker.py:142 - DeepSort Tracker initialised
2024-12-13 16:04:18,783 - deep_sort_realtime.deepsort_tracker - INFO - deepsort_tracker.py:143 - - max age: 5
2024-12-13 16:04:18,784 - deep_sort_realtime.deepsort_tracker - INFO - deepsort_tracker.py:144 - - appearance threshold: 0.2
2024-12-13 16:04:18,784 - deep_sort_realtime.deepsort_tracker - INFO - deepsort_tracker.py:145 - - nms threshold: OFF
2024-12-13 16:04:18,784 - deep_sort_realtime.deepsort_tracker - INFO - deepsort_tracker.py:148 - - max num of appearance features: None
2024-12-13 16:04:18,784 - deep_sort_realtime.deepsort_tracker - INFO - deepsort_tracker.py:149 - - overriding track class : No
2024-12-13 16:04:18,784 - deep_sort_realtime.deepsort_tracker - INFO - deepsort_tracker.py:152 - - today given : No
2024-12-13 16:04:18,784 - deep_sort_realtime.deepsort_tracker - INFO - deepsort_tracker.py:153 - - in-build embedder : Yes
2024-12-13 16:04:18,784 - deep_sort_realtime.deepsort_tracker - INFO - deepsort_tracker.py:154 - - polygon detections : No
2024-12-13 16:04:18,790 - TcpServerLogger - INFO - ThreadManager.py:82 - Visitor(visit_id=18, member_id=1, cart=Cart(cart_id=14, cart_cam=1, data={1: ['apple_fair', 3, 1300], 2: ['mandarin_defective', 3, 19900], 3: ['mandarin_fair', 1, 19900]}))
2024-12-13 16:04:18,790 - TcpServerLogger - INFO - ThreadManager.py:82 - Visitor(visit_id=19, member_id=2, cart=Cart(cart_id=15, cart_cam=2, data={1: ['apple_fair', 4, 1300], 2: ['mandarin_defective', 1, 19900], 3: ['mandarin_fair', 9, 19900], 4: ['peach_defective', 1, 35900]}))
2024-12-13 16:04:18,791 - TcpServerLogger - INFO - CameraThread.py:25 - TCP   ...
2024-12-13 16:04:18,791 - TcpServerLogger - INFO - CameraThread.py:25 - TCP   ...
2024-12-13 16:04:18,792 - TcpServerLogger - INFO - CameraThread.py:25 - TCP   ...
2024-12-13 16:06:16,794 - PyQt5.uic.uiparser - DEBUG - uiparser.py:864 - uiname is Dialog
2024-12-13 16:06:16,794 - PyQt5.uic.uiparser - DEBUG - uiparser.py:824 - toplevel widget is QDialog
2024-12-13 16:06:16,795 - PyQt5.uic.properties - DEBUG - properties.py:400 - setting property geometry
2024-12-13 16:06:16,795 - PyQt5.uic.properties - DEBUG - properties.py:400 - setting property windowTitle
2024-12-13 16:06:16,795 - PyQt5.uic.uiparser - DEBUG - uiparser.py:108 - push QDialog Dialog
2024-12-13 16:06:16,795 - PyQt5.uic.properties - DEBUG - properties.py:400 - setting property geometry
2024-12-13 16:06:16,795 - PyQt5.uic.properties - DEBUG - properties.py:400 - setting property currentIndex
2024-12-13 16:06:16,795 - PyQt5.uic.uiparser - DEBUG - uiparser.py:108 - push QTabWidget tabWidget
2024-12-13 16:06:16,795 - PyQt5.uic.uiparser - DEBUG - uiparser.py:108 - push QWidget tab_2
2024-12-13 16:06:16,795 - PyQt5.uic.properties - DEBUG - properties.py:400 - setting property geometry
2024-12-13 16:06:16,796 - PyQt5.uic.properties - DEBUG - properties.py:400 - setting property font
2024-12-13 16:06:16,796 - PyQt5.uic.properties - DEBUG - properties.py:400 - setting property text
2024-12-13 16:06:16,796 - PyQt5.uic.uiparser - DEBUG - uiparser.py:108 - push QLabel label
2024-12-13 16:06:16,796 - PyQt5.uic.uiparser - DEBUG - uiparser.py:122 - pop widget QLabel label
2024-12-13 16:06:16,796 - PyQt5.uic.uiparser - DEBUG - uiparser.py:130 - new topwidget self.tab_2
2024-12-13 16:06:16,796 - PyQt5.uic.properties - DEBUG - properties.py:400 - setting property geometry
2024-12-13 16:06:16,796 - PyQt5.uic.properties - DEBUG - properties.py:400 - setting property font
2024-12-13 16:06:16,796 - PyQt5.uic.properties - DEBUG - properties.py:400 - setting property text
2024-12-13 16:06:16,796 - PyQt5.uic.uiparser - DEBUG - uiparser.py:108 - push QLabel label_2
2024-12-13 16:06:16,797 - PyQt5.uic.uiparser - DEBUG - uiparser.py:122 - pop widget QLabel label_2
2024-12-13 16:06:16,797 - PyQt5.uic.uiparser - DEBUG - uiparser.py:130 - new topwidget self.tab_2
2024-12-13 16:06:16,797 - PyQt5.uic.properties - DEBUG - properties.py:400 - setting property geometry
2024-12-13 16:06:16,797 - PyQt5.uic.properties - DEBUG - properties.py:400 - setting property title
2024-12-13 16:06:16,797 - PyQt5.uic.uiparser - DEBUG - uiparser.py:108 - push QGroupBox userGroupBox1
2024-12-13 16:06:16,797 - PyQt5.uic.properties - DEBUG - properties.py:400 - setting property geometry
2024-12-13 16:06:16,797 - PyQt5.uic.properties - DEBUG - properties.py:400 - setting property font
2024-12-13 16:06:16,797 - PyQt5.uic.properties - DEBUG - properties.py:400 - setting property text
2024-12-13 16:06:16,797 - PyQt5.uic.uiparser - DEBUG - uiparser.py:108 - push QLabel userNameLabel1
2024-12-13 16:06:16,798 - PyQt5.uic.uiparser - DEBUG - uiparser.py:122 - pop widget QLabel userNameLabel1
2024-12-13 16:06:16,798 - PyQt5.uic.uiparser - DEBUG - uiparser.py:130 - new topwidget self.userGroupBox1
2024-12-13 16:06:16,798 - PyQt5.uic.properties - DEBUG - properties.py:400 - setting property geometry
2024-12-13 16:06:16,798 - PyQt5.uic.properties - DEBUG - properties.py:400 - setting property font
2024-12-13 16:06:16,798 - PyQt5.uic.properties - DEBUG - properties.py:400 - setting property text
2024-12-13 16:06:16,798 - PyQt5.uic.uiparser - DEBUG - uiparser.py:108 - push QLabel userCart1
2024-12-13 16:06:16,798 - PyQt5.uic.uiparser - DEBUG - uiparser.py:122 - pop widget QLabel userCart1
2024-12-13 16:06:16,798 - PyQt5.uic.uiparser - DEBUG - uiparser.py:130 - new topwidget self.userGroupBox1
2024-12-13 16:06:16,798 - PyQt5.uic.uiparser - DEBUG - uiparser.py:122 - pop widget QGroupBox userGroupBox1
2024-12-13 16:06:16,798 - PyQt5.uic.uiparser - DEBUG - uiparser.py:130 - new topwidget self.tab_2
2024-12-13 16:06:16,799 - PyQt5.uic.properties - DEBUG - properties.py:400 - setting property geometry
2024-12-13 16:06:16,799 - PyQt5.uic.properties - DEBUG - properties.py:400 - setting property title
2024-12-13 16:06:16,799 - PyQt5.uic.uiparser - DEBUG - uiparser.py:108 - push QGroupBox userGroupBox1_2
2024-12-13 16:06:16,799 - PyQt5.uic.properties - DEBUG - properties.py:400 - setting property geometry
2024-12-13 16:06:16,799 - PyQt5.uic.properties - DEBUG - properties.py:400 - setting property font
2024-12-13 16:06:16,799 - PyQt5.uic.properties - DEBUG - properties.py:400 - setting property text
2024-12-13 16:06:16,799 - PyQt5.uic.uiparser - DEBUG - uiparser.py:108 - push QLabel userNameLabel1_2
2024-12-13 16:06:16,799 - PyQt5.uic.uiparser - DEBUG - uiparser.py:122 - pop widget QLabel userNameLabel1_2
2024-12-13 16:06:16,799 - PyQt5.uic.uiparser - DEBUG - uiparser.py:130 - new topwidget self.userGroupBox1_2
2024-12-13 16:06:16,800 - PyQt5.uic.properties - DEBUG - properties.py:400 - setting property geometry
2024-12-13 16:06:16,800 - PyQt5.uic.properties - DEBUG - properties.py:400 - setting property font
2024-12-13 16:06:16,800 - PyQt5.uic.properties - DEBUG - properties.py:400 - setting property text
2024-12-13 16:06:16,800 - PyQt5.uic.uiparser - DEBUG - uiparser.py:108 - push QLabel userCart1_2
2024-12-13 16:06:16,800 - PyQt5.uic.uiparser - DEBUG - uiparser.py:122 - pop widget QLabel userCart1_2
2024-12-13 16:06:16,800 - PyQt5.uic.uiparser - DEBUG - uiparser.py:130 - new topwidget self.userGroupBox1_2
2024-12-13 16:06:16,800 - PyQt5.uic.uiparser - DEBUG - uiparser.py:122 - pop widget QGroupBox userGroupBox1_2
2024-12-13 16:06:16,800 - PyQt5.uic.uiparser - DEBUG - uiparser.py:130 - new topwidget self.tab_2
2024-12-13 16:06:16,800 - PyQt5.uic.properties - DEBUG - properties.py:400 - setting property geometry
2024-12-13 16:06:16,800 - PyQt5.uic.properties - DEBUG - properties.py:400 - setting property title
2024-12-13 16:06:16,801 - PyQt5.uic.uiparser - DEBUG - uiparser.py:108 - push QGroupBox userGroupBox1_3
2024-12-13 16:06:16,801 - PyQt5.uic.properties - DEBUG - properties.py:400 - setting property geometry
2024-12-13 16:06:16,801 - PyQt5.uic.properties - DEBUG - properties.py:400 - setting property font
2024-12-13 16:06:16,801 - PyQt5.uic.properties - DEBUG - properties.py:400 - setting property text
2024-12-13 16:06:16,801 - PyQt5.uic.uiparser - DEBUG - uiparser.py:108 - push QLabel userNameLabel1_3
2024-12-13 16:06:16,801 - PyQt5.uic.uiparser - DEBUG - uiparser.py:122 - pop widget QLabel userNameLabel1_3
2024-12-13 16:06:16,801 - PyQt5.uic.uiparser - DEBUG - uiparser.py:130 - new topwidget self.userGroupBox1_3
2024-12-13 16:06:16,801 - PyQt5.uic.properties - DEBUG - properties.py:400 - setting property geometry
2024-12-13 16:06:16,801 - PyQt5.uic.properties - DEBUG - properties.py:400 - setting property font
2024-12-13 16:06:16,802 - PyQt5.uic.properties - DEBUG - properties.py:400 - setting property text
2024-12-13 16:06:16,802 - PyQt5.uic.uiparser - DEBUG - uiparser.py:108 - push QLabel userCart1_3
2024-12-13 16:06:16,802 - PyQt5.uic.uiparser - DEBUG - uiparser.py:122 - pop widget QLabel userCart1_3
2024-12-13 16:06:16,802 - PyQt5.uic.uiparser - DEBUG - uiparser.py:130 - new topwidget self.userGroupBox1_3
2024-12-13 16:06:16,802 - PyQt5.uic.uiparser - DEBUG - uiparser.py:122 - pop widget QGroupBox userGroupBox1_3
2024-12-13 16:06:16,802 - PyQt5.uic.uiparser - DEBUG - uiparser.py:130 - new topwidget self.tab_2
2024-12-13 16:06:16,802 - PyQt5.uic.properties - DEBUG - properties.py:400 - setting property geometry
2024-12-13 16:06:16,802 - PyQt5.uic.properties - DEBUG - properties.py:400 - setting property title
2024-12-13 16:06:16,802 - PyQt5.uic.uiparser - DEBUG - uiparser.py:108 - push QGroupBox userGroupBox1_4
2024-12-13 16:06:16,803 - PyQt5.uic.properties - DEBUG - properties.py:400 - setting property geometry
2024-12-13 16:06:16,803 - PyQt5.uic.properties - DEBUG - properties.py:400 - setting property font
2024-12-13 16:06:16,803 - PyQt5.uic.properties - DEBUG - properties.py:400 - setting property text
2024-12-13 16:06:16,803 - PyQt5.uic.uiparser - DEBUG - uiparser.py:108 - push QLabel userNameLabel1_4
2024-12-13 16:06:16,803 - PyQt5.uic.uiparser - DEBUG - uiparser.py:122 - pop widget QLabel userNameLabel1_4
2024-12-13 16:06:16,803 - PyQt5.uic.uiparser - DEBUG - uiparser.py:130 - new topwidget self.userGroupBox1_4
2024-12-13 16:06:16,803 - PyQt5.uic.properties - DEBUG - properties.py:400 - setting property geometry
2024-12-13 16:06:16,803 - PyQt5.uic.properties - DEBUG - properties.py:400 - setting property font
2024-12-13 16:06:16,803 - PyQt5.uic.properties - DEBUG - properties.py:400 - setting property text
2024-12-13 16:06:16,804 - PyQt5.uic.uiparser - DEBUG - uiparser.py:108 - push QLabel userCart1_4
2024-12-13 16:06:16,804 - PyQt5.uic.uiparser - DEBUG - uiparser.py:122 - pop widget QLabel userCart1_4
2024-12-13 16:06:16,804 - PyQt5.uic.uiparser - DEBUG - uiparser.py:130 - new topwidget self.userGroupBox1_4
2024-12-13 16:06:16,804 - PyQt5.uic.uiparser - DEBUG - uiparser.py:122 - pop widget QGroupBox userGroupBox1_4
2024-12-13 16:06:16,804 - PyQt5.uic.uiparser - DEBUG - uiparser.py:130 - new topwidget self.tab_2
2024-12-13 16:06:16,804 - PyQt5.uic.properties - DEBUG - properties.py:400 - setting property geometry
2024-12-13 16:06:16,804 - PyQt5.uic.properties - DEBUG - properties.py:400 - setting property font
2024-12-13 16:06:16,804 - PyQt5.uic.properties - DEBUG - properties.py:400 - setting property text
2024-12-13 16:06:16,805 - PyQt5.uic.uiparser - DEBUG - uiparser.py:108 - push QLabel label_3
2024-12-13 16:06:16,805 - PyQt5.uic.uiparser - DEBUG - uiparser.py:122 - pop widget QLabel label_3
2024-12-13 16:06:16,805 - PyQt5.uic.uiparser - DEBUG - uiparser.py:130 - new topwidget self.tab_2
2024-12-13 16:06:16,805 - PyQt5.uic.properties - DEBUG - properties.py:400 - setting property geometry
2024-12-13 16:06:16,805 - PyQt5.uic.properties - DEBUG - properties.py:400 - setting property font
2024-12-13 16:06:16,805 - PyQt5.uic.properties - DEBUG - properties.py:400 - setting property text
2024-12-13 16:06:16,805 - PyQt5.uic.uiparser - DEBUG - uiparser.py:108 - push QLabel sellingsum
2024-12-13 16:06:16,805 - PyQt5.uic.uiparser - DEBUG - uiparser.py:122 - pop widget QLabel sellingsum
2024-12-13 16:06:16,805 - PyQt5.uic.uiparser - DEBUG - uiparser.py:130 - new topwidget self.tab_2
2024-12-13 16:06:16,805 - PyQt5.uic.properties - DEBUG - properties.py:400 - setting property geometry
2024-12-13 16:06:16,806 - PyQt5.uic.uiparser - DEBUG - uiparser.py:108 - push QTableWidget tableWidget
2024-12-13 16:06:16,806 - PyQt5.uic.uiparser - DEBUG - uiparser.py:122 - pop widget QTableWidget tableWidget
2024-12-13 16:06:16,806 - PyQt5.uic.uiparser - DEBUG - uiparser.py:130 - new topwidget self.tab_2
2024-12-13 16:06:16,806 - PyQt5.uic.properties - DEBUG - properties.py:400 - setting property geometry
2024-12-13 16:06:16,806 - PyQt5.uic.properties - DEBUG - properties.py:400 - setting property text
2024-12-13 16:06:16,806 - PyQt5.uic.uiparser - DEBUG - uiparser.py:108 - push QLabel CCTV_1
2024-12-13 16:06:16,806 - PyQt5.uic.uiparser - DEBUG - uiparser.py:122 - pop widget QLabel CCTV_1
2024-12-13 16:06:16,807 - PyQt5.uic.uiparser - DEBUG - uiparser.py:130 - new topwidget self.tab_2
2024-12-13 16:06:16,807 - PyQt5.uic.uiparser - DEBUG - uiparser.py:122 - pop widget QWidget tab_2
2024-12-13 16:06:16,807 - PyQt5.uic.uiparser - DEBUG - uiparser.py:130 - new topwidget self.tabWidget
2024-12-13 16:06:16,807 - PyQt5.uic.uiparser - DEBUG - uiparser.py:108 - push QWidget tab
2024-12-13 16:06:16,807 - PyQt5.uic.properties - DEBUG - properties.py:400 - setting property geometry
2024-12-13 16:06:16,807 - PyQt5.uic.properties - DEBUG - properties.py:400 - setting property currentIndex
2024-12-13 16:06:16,807 - PyQt5.uic.uiparser - DEBUG - uiparser.py:108 - push QTabWidget tabWidget_2
2024-12-13 16:06:16,807 - PyQt5.uic.uiparser - DEBUG - uiparser.py:108 - push QWidget tab_3
2024-12-13 16:06:16,808 - PyQt5.uic.properties - DEBUG - properties.py:400 - setting property geometry
2024-12-13 16:06:16,808 - PyQt5.uic.uiparser - DEBUG - uiparser.py:108 - push QTableWidget selling_table
2024-12-13 16:06:16,808 - PyQt5.uic.uiparser - DEBUG - uiparser.py:122 - pop widget QTableWidget selling_table
2024-12-13 16:06:16,808 - PyQt5.uic.uiparser - DEBUG - uiparser.py:130 - new topwidget self.tab_3
2024-12-13 16:06:16,808 - PyQt5.uic.properties - DEBUG - properties.py:400 - setting property geometry
2024-12-13 16:06:16,808 - PyQt5.uic.properties - DEBUG - properties.py:400 - setting property title
2024-12-13 16:06:16,809 - PyQt5.uic.uiparser - DEBUG - uiparser.py:108 - push QGroupBox groupBox
2024-12-13 16:06:16,809 - PyQt5.uic.properties - DEBUG - properties.py:400 - setting property geometry
2024-12-13 16:06:16,809 - PyQt5.uic.properties - DEBUG - properties.py:400 - setting property font
2024-12-13 16:06:16,809 - PyQt5.uic.properties - DEBUG - properties.py:400 - setting property text
2024-12-13 16:06:16,809 - PyQt5.uic.uiparser - DEBUG - uiparser.py:108 - push QLabel label_6
2024-12-13 16:06:16,809 - PyQt5.uic.uiparser - DEBUG - uiparser.py:122 - pop widget QLabel label_6
2024-12-13 16:06:16,809 - PyQt5.uic.uiparser - DEBUG - uiparser.py:130 - new topwidget self.groupBox
2024-12-13 16:06:16,809 - PyQt5.uic.properties - DEBUG - properties.py:400 - setting property geometry
2024-12-13 16:06:16,809 - PyQt5.uic.properties - DEBUG - properties.py:400 - setting property font
2024-12-13 16:06:16,810 - PyQt5.uic.properties - DEBUG - properties.py:400 - setting property text
2024-12-13 16:06:16,810 - PyQt5.uic.properties - DEBUG - properties.py:400 - setting property scaledContents
2024-12-13 16:06:16,810 - PyQt5.uic.properties - DEBUG - properties.py:400 - setting property alignment
2024-12-13 16:06:16,810 - PyQt5.uic.uiparser - DEBUG - uiparser.py:108 - push QLabel sellingsum2
2024-12-13 16:06:16,810 - PyQt5.uic.uiparser - DEBUG - uiparser.py:122 - pop widget QLabel sellingsum2
2024-12-13 16:06:16,810 - PyQt5.uic.uiparser - DEBUG - uiparser.py:130 - new topwidget self.groupBox
2024-12-13 16:06:16,810 - PyQt5.uic.uiparser - DEBUG - uiparser.py:122 - pop widget QGroupBox groupBox
2024-12-13 16:06:16,810 - PyQt5.uic.uiparser - DEBUG - uiparser.py:130 - new topwidget self.tab_3
2024-12-13 16:06:16,810 - PyQt5.uic.properties - DEBUG - properties.py:400 - setting property geometry
2024-12-13 16:06:16,810 - PyQt5.uic.properties - DEBUG - properties.py:400 - setting property title
2024-12-13 16:06:16,811 - PyQt5.uic.uiparser - DEBUG - uiparser.py:108 - push QGroupBox groupBox_2
2024-12-13 16:06:16,811 - PyQt5.uic.properties - DEBUG - properties.py:400 - setting property geometry
2024-12-13 16:06:16,811 - PyQt5.uic.properties - DEBUG - properties.py:400 - setting property font
2024-12-13 16:06:16,811 - PyQt5.uic.properties - DEBUG - properties.py:400 - setting property text
2024-12-13 16:06:16,811 - PyQt5.uic.uiparser - DEBUG - uiparser.py:108 - push QLabel label_8
2024-12-13 16:06:16,811 - PyQt5.uic.uiparser - DEBUG - uiparser.py:122 - pop widget QLabel label_8
2024-12-13 16:06:16,811 - PyQt5.uic.uiparser - DEBUG - uiparser.py:130 - new topwidget self.groupBox_2
2024-12-13 16:06:16,811 - PyQt5.uic.properties - DEBUG - properties.py:400 - setting property geometry
2024-12-13 16:06:16,811 - PyQt5.uic.properties - DEBUG - properties.py:400 - setting property font
2024-12-13 16:06:16,812 - PyQt5.uic.properties - DEBUG - properties.py:400 - setting property text
2024-12-13 16:06:16,812 - PyQt5.uic.properties - DEBUG - properties.py:400 - setting property scaledContents
2024-12-13 16:06:16,812 - PyQt5.uic.properties - DEBUG - properties.py:400 - setting property alignment
2024-12-13 16:06:16,812 - PyQt5.uic.uiparser - DEBUG - uiparser.py:108 - push QLabel label_9
2024-12-13 16:06:16,812 - PyQt5.uic.uiparser - DEBUG - uiparser.py:122 - pop widget QLabel label_9
2024-12-13 16:06:16,812 - PyQt5.uic.uiparser - DEBUG - uiparser.py:130 - new topwidget self.groupBox_2
2024-12-13 16:06:16,812 - PyQt5.uic.uiparser - DEBUG - uiparser.py:122 - pop widget QGroupBox groupBox_2
2024-12-13 16:06:16,812 - PyQt5.uic.uiparser - DEBUG - uiparser.py:130 - new topwidget self.tab_3
2024-12-13 16:06:16,812 - PyQt5.uic.properties - DEBUG - properties.py:400 - setting property geometry
2024-12-13 16:06:16,812 - PyQt5.uic.properties - DEBUG - properties.py:400 - setting property title
2024-12-13 16:06:16,813 - PyQt5.uic.uiparser - DEBUG - uiparser.py:108 - push QGroupBox groupBox_3
2024-12-13 16:06:16,813 - PyQt5.uic.properties - DEBUG - properties.py:400 - setting property geometry
2024-12-13 16:06:16,813 - PyQt5.uic.properties - DEBUG - properties.py:400 - setting property font
2024-12-13 16:06:16,813 - PyQt5.uic.properties - DEBUG - properties.py:400 - setting property text
2024-12-13 16:06:16,813 - PyQt5.uic.uiparser - DEBUG - uiparser.py:108 - push QLabel label_12
2024-12-13 16:06:16,813 - PyQt5.uic.uiparser - DEBUG - uiparser.py:122 - pop widget QLabel label_12
2024-12-13 16:06:16,813 - PyQt5.uic.uiparser - DEBUG - uiparser.py:130 - new topwidget self.groupBox_3
2024-12-13 16:06:16,813 - PyQt5.uic.properties - DEBUG - properties.py:400 - setting property geometry
2024-12-13 16:06:16,814 - PyQt5.uic.properties - DEBUG - properties.py:400 - setting property font
2024-12-13 16:06:16,814 - PyQt5.uic.properties - DEBUG - properties.py:400 - setting property text
2024-12-13 16:06:16,814 - PyQt5.uic.properties - DEBUG - properties.py:400 - setting property scaledContents
2024-12-13 16:06:16,814 - PyQt5.uic.properties - DEBUG - properties.py:400 - setting property alignment
2024-12-13 16:06:16,814 - PyQt5.uic.uiparser - DEBUG - uiparser.py:108 - push QLabel label_13
2024-12-13 16:06:16,814 - PyQt5.uic.uiparser - DEBUG - uiparser.py:122 - pop widget QLabel label_13
2024-12-13 16:06:16,814 - PyQt5.uic.uiparser - DEBUG - uiparser.py:130 - new topwidget self.groupBox_3
2024-12-13 16:06:16,814 - PyQt5.uic.uiparser - DEBUG - uiparser.py:122 - pop widget QGroupBox groupBox_3
2024-12-13 16:06:16,814 - PyQt5.uic.uiparser - DEBUG - uiparser.py:130 - new topwidget self.tab_3
2024-12-13 16:06:16,814 - PyQt5.uic.properties - DEBUG - properties.py:400 - setting property geometry
2024-12-13 16:06:16,815 - PyQt5.uic.properties - DEBUG - properties.py:400 - setting property title
2024-12-13 16:06:16,815 - PyQt5.uic.uiparser - DEBUG - uiparser.py:108 - push QGroupBox groupBox_4
2024-12-13 16:06:16,815 - PyQt5.uic.properties - DEBUG - properties.py:400 - setting property geometry
2024-12-13 16:06:16,815 - PyQt5.uic.properties - DEBUG - properties.py:400 - setting property font
2024-12-13 16:06:16,815 - PyQt5.uic.properties - DEBUG - properties.py:400 - setting property text
2024-12-13 16:06:16,815 - PyQt5.uic.uiparser - DEBUG - uiparser.py:108 - push QLabel label_16
2024-12-13 16:06:16,815 - PyQt5.uic.uiparser - DEBUG - uiparser.py:122 - pop widget QLabel label_16
2024-12-13 16:06:16,815 - PyQt5.uic.uiparser - DEBUG - uiparser.py:130 - new topwidget self.groupBox_4
2024-12-13 16:06:16,815 - PyQt5.uic.properties - DEBUG - properties.py:400 - setting property geometry
2024-12-13 16:06:16,815 - PyQt5.uic.properties - DEBUG - properties.py:400 - setting property font
2024-12-13 16:06:16,816 - PyQt5.uic.properties - DEBUG - properties.py:400 - setting property text
2024-12-13 16:06:16,816 - PyQt5.uic.properties - DEBUG - properties.py:400 - setting property scaledContents
2024-12-13 16:06:16,816 - PyQt5.uic.properties - DEBUG - properties.py:400 - setting property alignment
2024-12-13 16:06:16,816 - PyQt5.uic.uiparser - DEBUG - uiparser.py:108 - push QLabel label_17
2024-12-13 16:06:16,816 - PyQt5.uic.uiparser - DEBUG - uiparser.py:122 - pop widget QLabel label_17
2024-12-13 16:06:16,816 - PyQt5.uic.uiparser - DEBUG - uiparser.py:130 - new topwidget self.groupBox_4
2024-12-13 16:06:16,816 - PyQt5.uic.uiparser - DEBUG - uiparser.py:122 - pop widget QGroupBox groupBox_4
2024-12-13 16:06:16,816 - PyQt5.uic.uiparser - DEBUG - uiparser.py:130 - new topwidget self.tab_3
2024-12-13 16:06:16,816 - PyQt5.uic.uiparser - DEBUG - uiparser.py:122 - pop widget QWidget tab_3
2024-12-13 16:06:16,816 - PyQt5.uic.uiparser - DEBUG - uiparser.py:130 - new topwidget self.tabWidget_2
2024-12-13 16:06:16,817 - PyQt5.uic.uiparser - DEBUG - uiparser.py:108 - push QWidget tab_4
2024-12-13 16:06:16,817 - PyQt5.uic.properties - DEBUG - properties.py:400 - setting property geometry
2024-12-13 16:06:16,817 - PyQt5.uic.uiparser - DEBUG - uiparser.py:108 - push QTableWidget visit_table
2024-12-13 16:06:16,817 - PyQt5.uic.uiparser - DEBUG - uiparser.py:122 - pop widget QTableWidget visit_table
2024-12-13 16:06:16,817 - PyQt5.uic.uiparser - DEBUG - uiparser.py:130 - new topwidget self.tab_4
2024-12-13 16:06:16,817 - PyQt5.uic.uiparser - DEBUG - uiparser.py:122 - pop widget QWidget tab_4
2024-12-13 16:06:16,817 - PyQt5.uic.uiparser - DEBUG - uiparser.py:130 - new topwidget self.tabWidget_2
2024-12-13 16:06:16,818 - PyQt5.uic.uiparser - DEBUG - uiparser.py:122 - pop widget QTabWidget tabWidget_2
2024-12-13 16:06:16,818 - PyQt5.uic.uiparser - DEBUG - uiparser.py:130 - new topwidget self.tab
2024-12-13 16:06:16,818 - PyQt5.uic.properties - DEBUG - properties.py:400 - setting property geometry
2024-12-13 16:06:16,818 - PyQt5.uic.properties - DEBUG - properties.py:400 - setting property font
2024-12-13 16:06:16,818 - PyQt5.uic.properties - DEBUG - properties.py:400 - setting property text
2024-12-13 16:06:16,818 - PyQt5.uic.uiparser - DEBUG - uiparser.py:108 - push QLabel label_5
2024-12-13 16:06:16,818 - PyQt5.uic.uiparser - DEBUG - uiparser.py:122 - pop widget QLabel label_5
2024-12-13 16:06:16,818 - PyQt5.uic.uiparser - DEBUG - uiparser.py:130 - new topwidget self.tab
2024-12-13 16:06:16,819 - PyQt5.uic.properties - DEBUG - properties.py:400 - setting property geometry
2024-12-13 16:06:16,819 - PyQt5.uic.properties - DEBUG - properties.py:400 - setting property displayFormat
2024-12-13 16:06:16,819 - PyQt5.uic.properties - DEBUG - properties.py:400 - setting property calendarPopup
2024-12-13 16:06:16,819 - PyQt5.uic.properties - DEBUG - properties.py:400 - setting property date
2024-12-13 16:06:16,819 - PyQt5.uic.uiparser - DEBUG - uiparser.py:108 - push QDateEdit dateEdit
2024-12-13 16:06:16,819 - PyQt5.uic.uiparser - DEBUG - uiparser.py:122 - pop widget QDateEdit dateEdit
2024-12-13 16:06:16,819 - PyQt5.uic.uiparser - DEBUG - uiparser.py:130 - new topwidget self.tab
2024-12-13 16:06:16,819 - PyQt5.uic.properties - DEBUG - properties.py:400 - setting property geometry
2024-12-13 16:06:16,819 - PyQt5.uic.properties - DEBUG - properties.py:400 - setting property text
2024-12-13 16:06:16,820 - PyQt5.uic.uiparser - DEBUG - uiparser.py:108 - push QPushButton seeAllDaybtn
2024-12-13 16:06:16,820 - PyQt5.uic.uiparser - DEBUG - uiparser.py:122 - pop widget QPushButton seeAllDaybtn
2024-12-13 16:06:16,820 - PyQt5.uic.uiparser - DEBUG - uiparser.py:130 - new topwidget self.tab
2024-12-13 16:06:16,820 - PyQt5.uic.uiparser - DEBUG - uiparser.py:122 - pop widget QWidget tab
2024-12-13 16:06:16,820 - PyQt5.uic.uiparser - DEBUG - uiparser.py:130 - new topwidget self.tabWidget
2024-12-13 16:06:16,820 - PyQt5.uic.uiparser - DEBUG - uiparser.py:108 - push QWidget tab_5
2024-12-13 16:06:16,821 - PyQt5.uic.properties - DEBUG - properties.py:400 - setting property geometry
2024-12-13 16:06:16,821 - PyQt5.uic.uiparser - DEBUG - uiparser.py:108 - push QTableWidget event_table
2024-12-13 16:06:16,821 - PyQt5.uic.uiparser - DEBUG - uiparser.py:122 - pop widget QTableWidget event_table
2024-12-13 16:06:16,821 - PyQt5.uic.uiparser - DEBUG - uiparser.py:130 - new topwidget self.tab_5
2024-12-13 16:06:16,822 - PyQt5.uic.uiparser - DEBUG - uiparser.py:122 - pop widget QWidget tab_5
2024-12-13 16:06:16,822 - PyQt5.uic.uiparser - DEBUG - uiparser.py:130 - new topwidget self.tabWidget
2024-12-13 16:06:16,822 - PyQt5.uic.uiparser - DEBUG - uiparser.py:108 - push QWidget tab_6
2024-12-13 16:06:16,822 - PyQt5.uic.properties - DEBUG - properties.py:400 - setting property geometry
2024-12-13 16:06:16,822 - PyQt5.uic.properties - DEBUG - properties.py:400 - setting property text
2024-12-13 16:06:16,822 - PyQt5.uic.uiparser - DEBUG - uiparser.py:108 - push QLabel CCTV_2
2024-12-13 16:06:16,822 - PyQt5.uic.uiparser - DEBUG - uiparser.py:122 - pop widget QLabel CCTV_2
2024-12-13 16:06:16,822 - PyQt5.uic.uiparser - DEBUG - uiparser.py:130 - new topwidget self.tab_6
2024-12-13 16:06:16,822 - PyQt5.uic.uiparser - DEBUG - uiparser.py:122 - pop widget QWidget tab_6
2024-12-13 16:06:16,822 - PyQt5.uic.uiparser - DEBUG - uiparser.py:130 - new topwidget self.tabWidget
2024-12-13 16:06:16,823 - PyQt5.uic.uiparser - DEBUG - uiparser.py:122 - pop widget QTabWidget tabWidget
2024-12-13 16:06:16,823 - PyQt5.uic.uiparser - DEBUG - uiparser.py:130 - new topwidget Dialog
2024-12-13 16:06:16,823 - PyQt5.uic.uiparser - DEBUG - uiparser.py:122 - pop widget QDialog Dialog
2024-12-13 16:06:16,823 - PyQt5.uic.uiparser - DEBUG - uiparser.py:130 - new topwidget None
2024-12-13 16:06:18,262 - deep_sort_realtime.embedder.embedder_pytorch - INFO - embedder_pytorch.py:69 - MobileNetV2 Embedder for Deep Sort initialised
2024-12-13 16:06:18,262 - deep_sort_realtime.embedder.embedder_pytorch - INFO - embedder_pytorch.py:70 - - gpu enabled: True
2024-12-13 16:06:18,262 - deep_sort_realtime.embedder.embedder_pytorch - INFO - embedder_pytorch.py:71 - - half precision: True
2024-12-13 16:06:18,262 - deep_sort_realtime.embedder.embedder_pytorch - INFO - embedder_pytorch.py:72 - - max batch size: 16
2024-12-13 16:06:18,262 - deep_sort_realtime.embedder.embedder_pytorch - INFO - embedder_pytorch.py:73 - - expects BGR: True
2024-12-13 16:06:18,543 - deep_sort_realtime.deepsort_tracker - INFO - deepsort_tracker.py:142 - DeepSort Tracker initialised
2024-12-13 16:06:18,544 - deep_sort_realtime.deepsort_tracker - INFO - deepsort_tracker.py:143 - - max age: 5
2024-12-13 16:06:18,544 - deep_sort_realtime.deepsort_tracker - INFO - deepsort_tracker.py:144 - - appearance threshold: 0.2
2024-12-13 16:06:18,544 - deep_sort_realtime.deepsort_tracker - INFO - deepsort_tracker.py:145 - - nms threshold: OFF
2024-12-13 16:06:18,544 - deep_sort_realtime.deepsort_tracker - INFO - deepsort_tracker.py:148 - - max num of appearance features: None
2024-12-13 16:06:18,544 - deep_sort_realtime.deepsort_tracker - INFO - deepsort_tracker.py:149 - - overriding track class : No
2024-12-13 16:06:18,544 - deep_sort_realtime.deepsort_tracker - INFO - deepsort_tracker.py:152 - - today given : No
2024-12-13 16:06:18,544 - deep_sort_realtime.deepsort_tracker - INFO - deepsort_tracker.py:153 - - in-build embedder : Yes
2024-12-13 16:06:18,544 - deep_sort_realtime.deepsort_tracker - INFO - deepsort_tracker.py:154 - - polygon detections : No
2024-12-13 16:06:18,550 - TcpServerLogger - INFO - ThreadManager.py:82 - Visitor(visit_id=18, member_id=1, cart=Cart(cart_id=14, cart_cam=1, data={1: ['apple_fair', 3, 1300], 2: ['mandarin_defective', 3, 19900], 3: ['mandarin_fair', 1, 19900]}))
2024-12-13 16:06:18,550 - TcpServerLogger - INFO - ThreadManager.py:82 - Visitor(visit_id=19, member_id=2, cart=Cart(cart_id=15, cart_cam=2, data={1: ['apple_fair', 4, 1300], 2: ['mandarin_defective', 1, 19900], 3: ['mandarin_fair', 9, 19900], 4: ['peach_defective', 1, 35900]}))
2024-12-13 16:06:18,551 - TcpServerLogger - INFO - CameraThread.py:25 - TCP   ...
2024-12-13 16:06:18,551 - TcpServerLogger - INFO - CameraThread.py:25 - TCP   ...
2024-12-13 16:06:18,551 - TcpServerLogger - INFO - CameraThread.py:25 - TCP   ...
